#
# A fatal error has been detected by the Java Runtime Environment:
#
#  SIGSEGV (0xb) at pc=0x00007ff70c765bba, pid=19, tid=85
#
# JRE version: OpenJDK Runtime Environment (11.0.11+9) (build 11.0.11+9-Ubuntu-0ubuntu2.18.04)
# Java VM: OpenJDK 64-Bit Server VM (11.0.11+9-Ubuntu-0ubuntu2.18.04, mixed mode, sharing, tiered, compressed oops, concurrent mark sweep gc, linux-amd64)
# Problematic frame:
# J 12207 c2 sun.security.provider.NativePRNG$RandomIO.implNextBytes([B)V java.base@11.0.11 (162 bytes) @ 0x00007ff70c765bba [0x00007ff70c764f80+0x0000000000000c3a]
#
# Core dump will be written. Default location: Core dumps may be processed with "/usr/share/apport/apport %p %s %c %d %P %E" (or dumping to /home/runner/CSA-Final-Project/core.19)
#
# If you would like to submit a bug report, please visit:
#   https://bugs.launchpad.net/ubuntu/+source/openjdk-lts
#

---------------  S U M M A R Y ------------

Command Line: -Declipse.application=org.eclipse.jdt.ls.core.id1 -Dosgi.bundles.defaultStartLevel=4 -Declipse.product=org.eclipse.jdt.ls.core.product -Dcom.microsoft.java.debug.serverAddress=localhost:41010 -Xverify:none -Xmx256m -XX:+UseConcMarkSweepGC /config/language-server/plugins/org.eclipse.equinox.launcher_1.6.100.v20201223-0822.jar -configuration /config/language-server/config_linux -data /home/runner

Host: Intel(R) Xeon(R) CPU @ 2.30GHz, 8 cores, 1G, Ubuntu 18.04.5 LTS
Time: Thu Jan 13 04:22:34 2022 UTC elapsed time: 983.090938 seconds (0d 0h 16m 23s)

---------------  T H R E A D  ---------------

Current thread (0x00007ff6940d6000):  JavaThread "Thread-23" [_thread_in_Java, id=85, stack(0x00007ff67c767000,0x00007ff67c868000)]

Stack: [0x00007ff67c767000,0x00007ff67c868000],  sp=0x00007ff67c865a20,  free space=1018k
Native frames: (J=compiled Java code, A=aot compiled Java code, j=interpreted, Vv=VM code, C=native code)
J 12207 c2 sun.security.provider.NativePRNG$RandomIO.implNextBytes([B)V java.base@11.0.11 (162 bytes) @ 0x00007ff70c765bba [0x00007ff70c764f80+0x0000000000000c3a]
J 12710 c2 sun.security.provider.NativePRNG.engineNextBytes([B)V java.base@11.0.11 (8 bytes) @ 0x00007ff70c7d850c [0x00007ff70c7d84c0+0x000000000000004c]
J 11661 c1 java.security.SecureRandom.nextBytes([B)V java.base@11.0.11 (41 bytes) @ 0x00007ff70627add4 [0x00007ff70627aa60+0x0000000000000374]
J 12540 c1 java.util.UUID.randomUUID()Ljava/util/UUID; java.base@11.0.11 (64 bytes) @ 0x00007ff7064ca374 [0x00007ff7064ca260+0x0000000000000114]
J 12283 c1 org.eclipse.text.templates.TemplatePersistenceData.<init>(Lorg/eclipse/jface/text/templates/Template;ZLjava/lang/String;)V (56 bytes) @ 0x00007ff70640e3fc [0x00007ff70640e2e0+0x000000000000011c]
J 11983 c1 org.eclipse.jdt.internal.core.manipulation.ProjectTemplateStore.load()V (156 bytes) @ 0x00007ff70631e27c [0x00007ff70631d140+0x000000000000113c]
j  org.eclipse.jdt.internal.core.manipulation.StubUtility.getCodeTemplate(Ljava/lang/String;Lorg/eclipse/jdt/core/IJavaProject;)Lorg/eclipse/jface/text/templates/Template;+27
j  org.eclipse.jdt.internal.core.manipulation.StubUtility.getGetterMethodBodyContent(Lorg/eclipse/jdt/core/IJavaProject;Ljava/lang/String;Ljava/lang/String;Ljava/lang/String;Ljava/lang/String;)Ljava/lang/String;+7
j  org.eclipse.jdt.core.manipulation.CodeGeneration.getGetterMethodBodyContent(Lorg/eclipse/jdt/core/ICompilationUnit;Ljava/lang/String;Ljava/lang/String;Ljava/lang/String;Ljava/lang/String;)Ljava/lang/String;+11
j  org.eclipse.jdt.internal.corext.codemanipulation.GetterSetterUtil.getGetterStub(Lorg/eclipse/jdt/core/IField;Ljava/lang/String;ZI)Ljava/lang/String;+278
J 12346 c1 org.eclipse.jdt.ls.core.internal.codemanipulation.GenerateGetterSetterOperation.insertMethod(Lorg/eclipse/jdt/core/IField;Lorg/eclipse/jdt/core/dom/rewrite/ListRewrite;Lorg/eclipse/jdt/ls/core/internal/codemanipulation/GenerateGetterSetterOperation$AccessorKind;Lorg/eclipse/jdt/core/dom/ASTNode;)V (175 bytes) @ 0x00007ff706433c74 [0x00007ff706433ae0+0x0000000000000194]
J 12505 c1 org.eclipse.jdt.ls.core.internal.codemanipulation.GenerateGetterSetterOperation.generateGetterSetterMethods(Lorg/eclipse/jdt/core/dom/rewrite/ListRewrite;Lorg/eclipse/jdt/ls/core/internal/codemanipulation/GenerateGetterSetterOperation$AccessorField;Lorg/eclipse/jdt/core/dom/ASTNode;)V (74 bytes) @ 0x00007ff70649b1cc [0x00007ff70649af60+0x000000000000026c]
j  org.eclipse.jdt.ls.core.internal.codemanipulation.GenerateGetterSetterOperation.createTextEdit(Lorg/eclipse/core/runtime/IProgressMonitor;[Lorg/eclipse/jdt/ls/core/internal/codemanipulation/GenerateGetterSetterOperation$AccessorField;)Lorg/eclipse/text/edits/TextEdit;+218
j  org.eclipse.jdt.ls.core.internal.text.correction.SourceAssistProcessor.lambda$3(Lorg/eclipse/jdt/core/IType;Lorg/eclipse/lsp4j/CodeActionParams;Lorg/eclipse/jdt/ls/core/internal/corrections/IInvocationContext;[Lorg/eclipse/jdt/ls/core/internal/codemanipulation/GenerateGetterSetterOperation$AccessorField;Lorg/eclipse/core/runtime/IProgressMonitor;)Lorg/eclipse/lsp4j/WorkspaceEdit;+44
j  org.eclipse.jdt.ls.core.internal.text.correction.SourceAssistProcessor$$Lambda$336.resolveEdit(Lorg/eclipse/core/runtime/IProgressMonitor;)Lorg/eclipse/lsp4j/WorkspaceEdit;+21
j  org.eclipse.jdt.ls.core.internal.text.correction.SourceAssistProcessor.getCodeActionFromProposal(Lorg/eclipse/lsp4j/CodeActionContext;Lorg/eclipse/jdt/core/ICompilationUnit;Ljava/lang/String;Ljava/lang/String;Lorg/eclipse/jdt/ls/core/internal/handlers/CodeActionProposal;)Ljava/util/Optional;+63
j  org.eclipse.jdt.ls.core.internal.text.correction.SourceAssistProcessor.getGetterSetterAction(Lorg/eclipse/lsp4j/CodeActionParams;Lorg/eclipse/jdt/ls/core/internal/corrections/IInvocationContext;Lorg/eclipse/jdt/core/IType;)Ljava/util/Optional;+73
j  org.eclipse.jdt.ls.core.internal.text.correction.SourceAssistProcessor.getSourceActionCommands(Lorg/eclipse/lsp4j/CodeActionParams;Lorg/eclipse/jdt/ls/core/internal/corrections/IInvocationContext;[Lorg/eclipse/jdt/internal/ui/text/correction/IProblemLocationCore;Lorg/eclipse/core/runtime/IProgressMonitor;)Ljava/util/List;+236
j  org.eclipse.jdt.ls.core.internal.handlers.CodeActionHandler.getCodeActionCommands(Lorg/eclipse/lsp4j/CodeActionParams;Lorg/eclipse/core/runtime/IProgressMonitor;)Ljava/util/List;+800
j  org.eclipse.jdt.ls.core.internal.handlers.JDTLanguageServer.lambda$14(Lorg/eclipse/jdt/ls/core/internal/handlers/CodeActionHandler;Lorg/eclipse/lsp4j/CodeActionParams;Lorg/eclipse/core/runtime/IProgressMonitor;)Ljava/util/List;+8
j  org.eclipse.jdt.ls.core.internal.handlers.JDTLanguageServer$$Lambda$256.apply(Ljava/lang/Object;)Ljava/lang/Object;+16
j  org.eclipse.jdt.ls.core.internal.BaseJDTLanguageServer.lambda$0(Ljava/util/function/Function;Lorg/eclipse/lsp4j/jsonrpc/CancelChecker;)Ljava/lang/Object;+6
j  org.eclipse.jdt.ls.core.internal.BaseJDTLanguageServer$$Lambda$257.apply(Ljava/lang/Object;)Ljava/lang/Object;+12
j  java.util.concurrent.CompletableFuture$UniApply.tryFire(I)Ljava/util/concurrent/CompletableFuture;+106 java.base@11.0.11
j  java.util.concurrent.CompletableFuture$Completion.run()V+2 java.base@11.0.11
j  java.lang.Thread.run()V+11 java.base@11.0.11
v  ~StubRoutines::call_stub
V  [libjvm.so+0x82db91]
V  [libjvm.so+0x82c030]
V  [libjvm.so+0x82c0eb]
V  [libjvm.so+0x8cae9c]
V  [libjvm.so+0xdba950]
V  [libjvm.so+0xdb67e9]
V  [libjvm.so+0xb7b34e]


siginfo: si_signo: 11 (SIGSEGV), si_code: 1 (SEGV_MAPERR), si_addr: 0x0000000100000000

Register to memory mapping:

RAX=0x0 is NULL
RBX=0x00000000ffffffe0 points into unknown readable memory: 0x0000000000000001 | 01 00 00 00 00 00 00 00
RCX=0x00000000ffffffde is pointing into object: org.eclipse.text.templates.TemplatePersistenceData 
{0x00000000ffffffc0} - klass: 'org/eclipse/text/templates/TemplatePersistenceData'
RDX=0x0 is NULL
RSP=0x00007ff67c865a20 is pointing into the stack for thread: 0x00007ff6940d6000
RBP=0x0000000000000010 is an unknown value
RSI=0x00000000fffffff8 points into unknown readable memory: 0x921ccaa1cc86a3be | be a3 86 cc a1 ca 1c 92
RDI=0x00000000f5344ad8 points into unknown readable memory: 0x921ccaa1cc86a3be | be a3 86 cc a1 ca 1c 92
R8 =0x0000000000000004 is an unknown value
R9 =0x00000000ffffffe7 points into unknown readable memory: 00
R10=0x0000000000000009 is an unknown value
R11=0x0000000000000004 is an unknown value
R12=0x0 is NULL
R13=0x00000000fffffdb8 points into unknown readable memory: 0x0000000000000001 | 01 00 00 00 00 00 00 00
R14=0x0000000000000002 is an unknown value
R15=0x00007ff6940d6000 is a thread


Registers:
RAX=0x0000000000000000, RBX=0x00000000ffffffe0, RCX=0x00000000ffffffde, RDX=0x0000000000000000
RSP=0x00007ff67c865a20, RBP=0x0000000000000010, RSI=0x00000000fffffff8, RDI=0x00000000f5344ad8
R8 =0x0000000000000004, R9 =0x00000000ffffffe7, R10=0x0000000000000009, R11=0x0000000000000004
R12=0x0000000000000000, R13=0x00000000fffffdb8, R14=0x0000000000000002, R15=0x00007ff6940d6000
RIP=0x00007ff70c765bba, EFLAGS=0x0000000000010293, CSGSFS=0x002b000000000033, ERR=0x0000000000000004
  TRAPNO=0x000000000000000e

Top of Stack: (sp=0x00007ff67c865a20)
0x00007ff67c865a20:   00000000f541d4b0 0000000000000010
0x00007ff67c865a30:   00000000f542fbf8 f5344ab000000010
0x00007ff67c865a40:   00000100000000f0 00000000f541d4b0
0x00007ff67c865a50:   0000000000000027 00000000f542fbf8 

Instructions: (pc=0x00007ff70c765bba)
0x00007ff70c765aba:   c7 03 01 00 00 00 0f 18 82 00 01 00 00 c7 43 08
0x00007ff70c765aca:   14 6f 07 00 44 8b 44 24 08 44 89 43 0c 0f 18 82
0x00007ff70c765ada:   40 01 00 00 0f 18 82 80 01 00 00 49 c1 ea 03 4c
0x00007ff70c765aea:   8b db 49 83 c3 10 85 ed 0f 84 46 07 00 00 48 63
0x00007ff70c765afa:   ff 4c 63 c1 49 2b f8 4d 8b c1 4d 8d 44 39 10 48
0x00007ff70c765b0a:   63 d5 3b 6c 24 08 0f 8c 8a 03 00 00 49 8b f8 49
0x00007ff70c765b1a:   8b f3 c5 f8 77 49 ba a0 5f 8b 04 f7 7f 00 00 41
0x00007ff70c765b2a:   ff d2 44 8b 54 24 38 4d 23 32 49 83 fe 05 0f 85
0x00007ff70c765b3a:   f2 07 00 00 44 8b 5c 24 08 45 85 db 0f 86 c5 00
0x00007ff70c765b4a:   00 00 44 8b 54 24 08 41 ff ca 44 3b 54 24 08 0f
0x00007ff70c765b5a:   83 8e 08 00 00 45 85 db 0f 86 85 08 00 00 41 ba
0x00007ff70c765b6a:   04 00 00 00 45 3b da 44 8b 44 24 08 45 0f 4f c2
0x00007ff70c765b7a:   45 33 db 4d 63 d3 42 0f be 4c 13 10 47 0f be 4c
0x00007ff70c765b8a:   15 10 41 33 c9 43 88 4c 15 10 41 ff c3 45 3b d8
0x00007ff70c765b9a:   7c e1 44 8b 54 24 08 41 83 c2 f9 45 3b da 7d 3c
0x00007ff70c765baa:   66 0f 1f 44 00 00 4d 63 c3 c4 81 79 6e 44 05 10
0x00007ff70c765bba:   c4 a1 79 ef 44 03 10 c4 81 79 7e 44 05 10 c4 81
0x00007ff70c765bca:   79 6e 44 05 14 c4 a1 79 ef 44 03 14 c4 81 79 7e
0x00007ff70c765bda:   44 05 14 41 83 c3 08 45 3b da 7c ca 44 3b 5c 24
0x00007ff70c765bea:   08 7d 24 66 66 90 4d 63 d3 46 0f be 44 13 10 43
0x00007ff70c765bfa:   0f be 4c 15 10 44 33 c1 47 88 44 15 10 41 ff c3
0x00007ff70c765c0a:   44 3b 5c 24 08 7c df c5 f8 77 48 81 c4 b0 00 00
0x00007ff70c765c1a:   00 5d 4d 8b 97 08 01 00 00 41 85 02 c3 44 89 4c
0x00007ff70c765c2a:   24 60 45 8b c1 44 03 44 24 54 44 89 44 24 64 45
0x00007ff70c765c3a:   8b d8 45 2b da 44 89 5c 24 68 48 8b 74 24 48 48
0x00007ff70c765c4a:   ba 08 82 33 f5 00 00 00 00 41 8b c9 45 8b c3 48
0x00007ff70c765c5a:   8b ee c5 f8 77 e8 1c 6e 13 f8 44 8b 5c 24 60 44
0x00007ff70c765c6a:   3b 5c 24 68 0f 8f 15 02 00 00 44 89 5c 24 54 eb
0x00007ff70c765c7a:   0a 0f 1f 44 00 00 44 89 4c 24 54 4c 8b 54 24 48
0x00007ff70c765c8a:   45 8b 52 30 49 8b ca 48 be 08 82 33 f5 00 00 00
0x00007ff70c765c9a:   00 8b 54 24 54 90 c5 f8 77 e8 d8 72 13 f8 48 8b
0x00007ff70c765caa:   74 24 48 48 ba 08 82 33 f5 00 00 00 00 8b 4c 24 


Stack slot to memory mapping:
stack at sp + 0 slots: 0x00000000f541d4b0 is an oop: sun.security.provider.NativePRNG$RandomIO 
{0x00000000f541d4b0} - klass: 'sun/security/provider/NativePRNG$RandomIO'
stack at sp + 1 slots: 0x0000000000000010 is an unknown value
stack at sp + 2 slots: 0x00000000f542fbf8 points into unknown readable memory: 0x00007ff674002f02 | 02 2f 00 74 f6 7f 00 00
stack at sp + 3 slots: 0xf5344ab000000010 is an unknown value
stack at sp + 4 slots: 0x00000100000000f0 is an unknown value
stack at sp + 5 slots: 0x00000000f541d4b0 is an oop: sun.security.provider.NativePRNG$RandomIO 
{0x00000000f541d4b0} - klass: 'sun/security/provider/NativePRNG$RandomIO'
stack at sp + 6 slots: 0x0000000000000027 is an unknown value
stack at sp + 7 slots: 0x00000000f542fbf8 points into unknown readable memory: 0x00007ff674002f02 | 02 2f 00 74 f6 7f 00 00



---------------  P R O C E S S  ---------------

Threads class SMR info:
_java_thread_list=0x00007ff64c002730, length=88, elements={
0x00007ff71c016800, 0x00007ff71c0f4800, 0x00007ff71c0f6800, 0x00007ff71c0fc800,
0x00007ff71c0ff000, 0x00007ff71c101000, 0x00007ff71c103000, 0x00007ff71c104800,
0x00007ff71c144800, 0x00007ff71c3e2800, 0x00007ff71c3f9800, 0x00007ff71c3fe000,
0x00007ff71c2e5000, 0x00007ff6c401a800, 0x00007ff6c428d800, 0x00007ff6c44cf800,
0x00007ff6c452b800, 0x00007ff6c471e000, 0x00007ff71c27c000, 0x00007ff6ac001000,
0x00007ff71c559800, 0x00007ff690003000, 0x00007ff6b0001800, 0x00007ff688001000,
0x00007ff69425b800, 0x00007ff69425c000, 0x00007ff69425e000, 0x00007ff69425f800,
0x00007ff694261000, 0x00007ff69426c800, 0x00007ff69426e800, 0x00007ff694271000,
0x00007ff694273000, 0x00007ff694275000, 0x00007ff69414d800, 0x00007ff694151000,
0x00007ff6940e0000, 0x00007ff6940e4800, 0x00007ff6940d0800, 0x00007ff6940d2000,
0x00007ff6940d4000, 0x00007ff6940d6000, 0x00007ff6940f0000, 0x00007ff6940f1800,
0x00007ff6940f3800, 0x00007ff6940f5800, 0x00007ff694125800, 0x00007ff69412f000,
0x00007ff694131000, 0x00007ff694133000, 0x00007ff694134800, 0x00007ff69420d800,
0x00007ff69420f800, 0x00007ff694211800, 0x00007ff694213800, 0x00007ff694217800,
0x00007ff694219800, 0x00007ff69421b800, 0x00007ff69415e000, 0x00007ff694160000,
0x00007ff694162000, 0x00007ff694167800, 0x00007ff694169800, 0x00007ff69416b800,
0x00007ff69416d800, 0x00007ff69416f800, 0x00007ff694173800, 0x00007ff694175800,
0x00007ff694177000, 0x00007ff694179800, 0x00007ff69417b800, 0x00007ff694276800,
0x00007ff694278800, 0x00007ff69427c800, 0x00007ff69427e800, 0x00007ff694280800,
0x00007ff694282800, 0x00007ff694284000, 0x00007ff694286800, 0x00007ff694288800,
0x00007ff69428d000, 0x00007ff69428f000, 0x00007ff694291000, 0x00007ff694293800,
0x00007ff694297800, 0x00007ff694299800, 0x00007ff694145800, 0x00007ff68c031800
}

Java Threads: ( => current thread )
  0x00007ff71c016800 JavaThread "main" [_thread_blocked, id=25, stack(0x00007ff726163000,0x00007ff726264000)]
  0x00007ff71c0f4800 JavaThread "Reference Handler" daemon [_thread_blocked, id=30, stack(0x00007ff721092000,0x00007ff721193000)]
  0x00007ff71c0f6800 JavaThread "Finalizer" daemon [_thread_blocked, id=31, stack(0x00007ff720f91000,0x00007ff721092000)]
  0x00007ff71c0fc800 JavaThread "Signal Dispatcher" daemon [_thread_blocked, id=32, stack(0x00007ff720bb2000,0x00007ff720cb3000)]
  0x00007ff71c0ff000 JavaThread "Service Thread" daemon [_thread_blocked, id=33, stack(0x00007ff720ab1000,0x00007ff720bb2000)]
  0x00007ff71c101000 JavaThread "C2 CompilerThread0" daemon [_thread_blocked, id=34, stack(0x00007ff7209b0000,0x00007ff720ab1000)]
  0x00007ff71c103000 JavaThread "C1 CompilerThread0" daemon [_thread_blocked, id=35, stack(0x00007ff7208af000,0x00007ff7209b0000)]
  0x00007ff71c104800 JavaThread "Sweeper thread" daemon [_thread_blocked, id=36, stack(0x00007ff7207ae000,0x00007ff7208af000)]
  0x00007ff71c144800 JavaThread "Common-Cleaner" daemon [_thread_blocked, id=38, stack(0x00007ff7205ab000,0x00007ff7206ac000)]
  0x00007ff71c3e2800 JavaThread "Active Thread: Equinox Container: 72eee9fc-13cf-4c53-8eda-1842b3f5105c" [_thread_blocked, id=44, stack(0x00007ff720060000,0x00007ff720161000)]
  0x00007ff71c3f9800 JavaThread "Framework Event Dispatcher: Equinox Container: 72eee9fc-13cf-4c53-8eda-1842b3f5105c" daemon [_thread_blocked, id=45, stack(0x00007ff704548000,0x00007ff704649000)]
  0x00007ff71c3fe000 JavaThread "Start Level: Equinox Container: 72eee9fc-13cf-4c53-8eda-1842b3f5105c" daemon [_thread_blocked, id=46, stack(0x00007ff704447000,0x00007ff704548000)]
  0x00007ff71c2e5000 JavaThread "Refresh Thread: Equinox Container: 72eee9fc-13cf-4c53-8eda-1842b3f5105c" daemon [_thread_blocked, id=47, stack(0x00007ff704346000,0x00007ff704447000)]
  0x00007ff6c401a800 JavaThread "SCR Component Actor" daemon [_thread_blocked, id=48, stack(0x00007ff704034000,0x00007ff704135000)]
  0x00007ff6c428d800 JavaThread "Worker-JM" [_thread_blocked, id=50, stack(0x00007ff6fd9fe000,0x00007ff6fdaff000)]
  0x00007ff6c44cf800 JavaThread "Java indexing" daemon [_thread_blocked, id=53, stack(0x00007ff6fd2fb000,0x00007ff6fd3fc000)]
  0x00007ff6c452b800 JavaThread "Bundle File Closer" daemon [_thread_blocked, id=54, stack(0x00007ff6fcffa000,0x00007ff6fd0fb000)]
  0x00007ff6c471e000 JavaThread "logback configurator timer" daemon [_thread_blocked, id=55, stack(0x00007ff6fccf9000,0x00007ff6fcdfa000)]
  0x00007ff71c27c000 JavaThread "pool-3-thread-1" [_thread_blocked, id=56, stack(0x00007ff6fcbf8000,0x00007ff6fccf9000)]
  0x00007ff6ac001000 JavaThread "Worker-2: Publish Diagnostics" [_thread_blocked, id=57, stack(0x00007ff6fc8f7000,0x00007ff6fc9f8000)]
  0x00007ff71c559800 JavaThread "pool-2-thread-1" [_thread_in_native, id=58, stack(0x00007ff6fc7f6000,0x00007ff6fc8f7000)]
  0x00007ff690003000 JavaThread "Worker-3" [_thread_blocked, id=59, stack(0x00007ff6fdcff000,0x00007ff6fde00000)]
  0x00007ff6b0001800 JavaThread "Worker-4: Java indexing... " [_thread_blocked, id=60, stack(0x00007ff6fc4f5000,0x00007ff6fc5f6000)]
  0x00007ff688001000 JavaThread "Worker-5: Compacting resource model" [_thread_blocked, id=61, stack(0x00007ff6fc1f4000,0x00007ff6fc2f5000)]
  0x00007ff69425b800 JavaThread "Thread-3" [_thread_blocked, id=65, stack(0x00007ff67e953000,0x00007ff67ea54000)]
  0x00007ff69425c000 JavaThread "Thread-4" [_thread_blocked, id=66, stack(0x00007ff67de52000,0x00007ff67df53000)]
  0x00007ff69425e000 JavaThread "Thread-5" [_thread_blocked, id=67, stack(0x00007ff67dd51000,0x00007ff67de52000)]
  0x00007ff69425f800 JavaThread "Thread-6" [_thread_blocked, id=68, stack(0x00007ff67dc50000,0x00007ff67dd51000)]
  0x00007ff694261000 JavaThread "Thread-7" [_thread_blocked, id=69, stack(0x00007ff67db4f000,0x00007ff67dc50000)]
  0x00007ff69426c800 JavaThread "Thread-8" [_thread_blocked, id=70, stack(0x00007ff67da4e000,0x00007ff67db4f000)]
  0x00007ff69426e800 JavaThread "Thread-9" [_thread_blocked, id=71, stack(0x00007ff67d94d000,0x00007ff67da4e000)]
  0x00007ff694271000 JavaThread "Thread-10" [_thread_blocked, id=72, stack(0x00007ff67d84c000,0x00007ff67d94d000)]
  0x00007ff694273000 JavaThread "Thread-11" [_thread_blocked, id=73, stack(0x00007ff67d74b000,0x00007ff67d84c000)]
  0x00007ff694275000 JavaThread "Thread-12" [_thread_blocked, id=74, stack(0x00007ff67d64a000,0x00007ff67d74b000)]
  0x00007ff69414d800 JavaThread "Thread-13" [_thread_blocked, id=75, stack(0x00007ff67d549000,0x00007ff67d64a000)]
  0x00007ff694151000 JavaThread "Thread-15" [_thread_blocked, id=77, stack(0x00007ff67d347000,0x00007ff67d448000)]
  0x00007ff6940e0000 JavaThread "Thread-17" [_thread_blocked, id=79, stack(0x00007ff67d145000,0x00007ff67d246000)]
  0x00007ff6940e4800 JavaThread "Thread-18" [_thread_blocked, id=80, stack(0x00007ff67d044000,0x00007ff67d145000)]
  0x00007ff6940d0800 JavaThread "Thread-20" [_thread_blocked, id=82, stack(0x00007ff67ce42000,0x00007ff67cf43000)]
  0x00007ff6940d2000 JavaThread "Thread-21" [_thread_blocked, id=83, stack(0x00007ff67c969000,0x00007ff67ca6a000)]
  0x00007ff6940d4000 JavaThread "Thread-22" [_thread_blocked, id=84, stack(0x00007ff67c868000,0x00007ff67c969000)]
=>0x00007ff6940d6000 JavaThread "Thread-23" [_thread_in_Java, id=85, stack(0x00007ff67c767000,0x00007ff67c868000)]
  0x00007ff6940f0000 JavaThread "Thread-24" [_thread_blocked, id=86, stack(0x00007ff67c666000,0x00007ff67c767000)]
  0x00007ff6940f1800 JavaThread "Thread-25" [_thread_blocked, id=87, stack(0x00007ff67c565000,0x00007ff67c666000)]
  0x00007ff6940f3800 JavaThread "Thread-26" [_thread_blocked, id=88, stack(0x00007ff67c464000,0x00007ff67c565000)]
  0x00007ff6940f5800 JavaThread "Thread-27" [_thread_blocked, id=89, stack(0x00007ff67c363000,0x00007ff67c464000)]
  0x00007ff694125800 JavaThread "Thread-28" [_thread_blocked, id=90, stack(0x00007ff67c262000,0x00007ff67c363000)]
  0x00007ff69412f000 JavaThread "Thread-29" [_thread_blocked, id=91, stack(0x00007ff67c161000,0x00007ff67c262000)]
  0x00007ff694131000 JavaThread "Thread-30" [_thread_blocked, id=92, stack(0x00007ff67c060000,0x00007ff67c161000)]
  0x00007ff694133000 JavaThread "Thread-31" [_thread_blocked, id=93, stack(0x00007ff67cd41000,0x00007ff67ce42000)]
  0x00007ff694134800 JavaThread "Thread-32" [_thread_blocked, id=94, stack(0x00007ff67cc40000,0x00007ff67cd41000)]
  0x00007ff69420d800 JavaThread "Thread-34" [_thread_blocked, id=96, stack(0x00007ff5ffeff000,0x00007ff600000000)]
  0x00007ff69420f800 JavaThread "Thread-35" [_thread_blocked, id=97, stack(0x00007ff5ffdfe000,0x00007ff5ffeff000)]
  0x00007ff694211800 JavaThread "Thread-36" [_thread_blocked, id=98, stack(0x00007ff5ffcfd000,0x00007ff5ffdfe000)]
  0x00007ff694213800 JavaThread "Thread-37" [_thread_blocked, id=99, stack(0x00007ff5ffbfc000,0x00007ff5ffcfd000)]
  0x00007ff694217800 JavaThread "Thread-39" [_thread_in_vm, id=101, stack(0x00007ff5ff9fa000,0x00007ff5ffafb000)]
  0x00007ff694219800 JavaThread "Thread-40" [_thread_blocked, id=102, stack(0x00007ff5ff8f9000,0x00007ff5ff9fa000)]
  0x00007ff69421b800 JavaThread "Thread-41" [_thread_blocked, id=103, stack(0x00007ff5ff7f8000,0x00007ff5ff8f9000)]
  0x00007ff69415e000 JavaThread "Thread-45" [_thread_blocked, id=107, stack(0x00007ff5ff3f4000,0x00007ff5ff4f5000)]
  0x00007ff694160000 JavaThread "Thread-46" [_thread_blocked, id=108, stack(0x00007ff5ff2f3000,0x00007ff5ff3f4000)]
  0x00007ff694162000 JavaThread "Thread-47" [_thread_blocked, id=109, stack(0x00007ff5ff1f2000,0x00007ff5ff2f3000)]
  0x00007ff694167800 JavaThread "Thread-50" [_thread_blocked, id=112, stack(0x00007ff5feeef000,0x00007ff5feff0000)]
  0x00007ff694169800 JavaThread "Thread-51" [_thread_blocked, id=113, stack(0x00007ff5fedee000,0x00007ff5feeef000)]
  0x00007ff69416b800 JavaThread "Thread-52" [_thread_blocked, id=114, stack(0x00007ff5feced000,0x00007ff5fedee000)]
  0x00007ff69416d800 JavaThread "Thread-53" [_thread_blocked, id=115, stack(0x00007ff5febec000,0x00007ff5feced000)]
  0x00007ff69416f800 JavaThread "Thread-54" [_thread_blocked, id=116, stack(0x00007ff5feaeb000,0x00007ff5febec000)]
  0x00007ff694173800 JavaThread "Thread-56" [_thread_blocked, id=118, stack(0x00007ff5fe8e9000,0x00007ff5fe9ea000)]
  0x00007ff694175800 JavaThread "Thread-57" [_thread_blocked, id=119, stack(0x00007ff5fe7e8000,0x00007ff5fe8e9000)]
  0x00007ff694177000 JavaThread "Thread-58" [_thread_blocked, id=120, stack(0x00007ff5fe6e7000,0x00007ff5fe7e8000)]
  0x00007ff694179800 JavaThread "Thread-59" [_thread_blocked, id=121, stack(0x00007ff5fe5e6000,0x00007ff5fe6e7000)]
  0x00007ff69417b800 JavaThread "Thread-60" [_thread_blocked, id=122, stack(0x00007ff5fe4e5000,0x00007ff5fe5e6000)]
  0x00007ff694276800 JavaThread "Thread-61" [_thread_blocked, id=123, stack(0x00007ff5fe3e4000,0x00007ff5fe4e5000)]
  0x00007ff694278800 JavaThread "Thread-62" [_thread_blocked, id=124, stack(0x00007ff5fe2e3000,0x00007ff5fe3e4000)]
  0x00007ff69427c800 JavaThread "Thread-64" [_thread_blocked, id=126, stack(0x00007ff5fe0e1000,0x00007ff5fe1e2000)]
  0x00007ff69427e800 JavaThread "Thread-65" [_thread_blocked, id=127, stack(0x00007ff5fdfe0000,0x00007ff5fe0e1000)]
  0x00007ff694280800 JavaThread "Thread-66" [_thread_in_Java, id=128, stack(0x00007ff5fdedf000,0x00007ff5fdfe0000)]
  0x00007ff694282800 JavaThread "Thread-67" [_thread_blocked, id=129, stack(0x00007ff5fddde000,0x00007ff5fdedf000)]
  0x00007ff694284000 JavaThread "Thread-68" [_thread_blocked, id=130, stack(0x00007ff5fdcdd000,0x00007ff5fddde000)]
  0x00007ff694286800 JavaThread "Thread-69" [_thread_blocked, id=131, stack(0x00007ff5fdbdc000,0x00007ff5fdcdd000)]
  0x00007ff694288800 JavaThread "Thread-70" [_thread_in_vm, id=132, stack(0x00007ff5fdadb000,0x00007ff5fdbdc000)]
  0x00007ff69428d000 JavaThread "Thread-72" [_thread_blocked, id=134, stack(0x00007ff5fd8d9000,0x00007ff5fd9da000)]
  0x00007ff69428f000 JavaThread "Thread-73" [_thread_blocked, id=135, stack(0x00007ff5fd7d8000,0x00007ff5fd8d9000)]
  0x00007ff694291000 JavaThread "Thread-74" [_thread_blocked, id=136, stack(0x00007ff5fd6d7000,0x00007ff5fd7d8000)]
  0x00007ff694293800 JavaThread "Thread-75" [_thread_blocked, id=137, stack(0x00007ff5fd5d6000,0x00007ff5fd6d7000)]
  0x00007ff694297800 JavaThread "Thread-77" [_thread_blocked, id=139, stack(0x00007ff5fd3d4000,0x00007ff5fd4d5000)]
  0x00007ff694299800 JavaThread "Thread-78" [_thread_blocked, id=140, stack(0x00007ff5fd2d3000,0x00007ff5fd3d4000)]
  0x00007ff694145800 JavaThread "Thread-80" [_thread_blocked, id=143, stack(0x00007ff5fd0d1000,0x00007ff5fd1d2000)]
  0x00007ff68c031800 JavaThread "Worker-7" [_thread_blocked, id=144, stack(0x00007ff6fd6fd000,0x00007ff6fd7fe000)]

Other Threads:
  0x00007ff71c0f1800 VMThread "VM Thread" [stack: 0x00007ff721195000,0x00007ff721295000] [id=29] _threads_hazard_ptr=0x00007ff64c002730
  0x00007ff71c141800 WatcherThread [stack: 0x00007ff7206ae000,0x00007ff7207ae000] [id=37]
  0x00007ff71c02a000 GCTaskThread "GC Thread#0" [stack: 0x00007ff722136000,0x00007ff722236000] [id=26]
  0x00007ff71c04d000 ConcurrentGCThread "CMS Main Thread" [stack: 0x00007ff721b73000,0x00007ff721c73000] [id=27]

Threads with active compile tasks:
C2 CompilerThread0 983206 12734       4       org.eclipse.jdt.internal.compiler.lookup.Scope::findMemberType (723 bytes)

VM state:synchronizing (normal execution)

VM Mutex/Monitor currently owned by a thread:  ([mutex/lock_event])
[0x00007ff71c012980] Safepoint_lock - owner thread: 0x00007ff71c0f1800
[0x00007ff71c012a10] Threads_lock - owner thread: 0x00007ff71c0f1800
[0x00007ff71c0131f0] Heap_lock - owner thread: 0x00007ff6940f3800

OutOfMemory and StackOverflow Exception counts:
OutOfMemoryError java_heap_errors=22
LinkageErrors=42

Heap address: 0x00000000f0000000, size: 256 MB, Compressed Oops mode: 32-bit
Narrow klass base: 0x0000000800000000, Narrow klass shift: 3
Compressed class space size: 1073741824 Address: 0x0000000840000000

Heap:
 par new generation   total 76672K, used 76672K [0x00000000f0000000, 0x00000000f5330000, 0x00000000f5330000)
  eden space 68160K, 100% used [0x00000000f0000000, 0x00000000f4290000, 0x00000000f4290000)
  from space 8512K, 100% used [0x00000000f4290000, 0x00000000f4ae0000, 0x00000000f4ae0000)
  to   space 8512K,   0% used [0x00000000f4ae0000, 0x00000000f4ae0000, 0x00000000f5330000)
 concurrent mark-sweep generation total 176960K, used 176959K [0x00000000f5330000, 0x0000000100000000, 0x0000000100000000)
 Metaspace       used 55954K, capacity 58578K, committed 58968K, reserved 1101824K
  class space    used 5480K, capacity 6457K, committed 6528K, reserved 1048576K

Card table byte_map: [0x00007ff7260e2000,0x00007ff726163000] _byte_map_base: 0x00007ff725962000

Marking Bits: (CMSBitMap*) 0x00007ff71c04c290
 Bits: [0x00007ff721d7f000, 0x00007ff722032400)

Mod Union Table: (CMSBitMap*) 0x00007ff71c04c330
 Bits: [0x00007ff721d74000, 0x00007ff721d7ecd0)

Polling page: 0x00007ff72627d000

Metaspace:

Usage:
  Non-class:     50.90 MB capacity,    49.29 MB ( 97%) used,     1.49 MB (  3%) free+waste,   126.31 KB ( <1%) overhead. 
      Class:      6.31 MB capacity,     5.35 MB ( 85%) used,   921.05 KB ( 14%) free+waste,    55.19 KB ( <1%) overhead. 
       Both:     57.21 MB capacity,    54.64 MB ( 96%) used,     2.39 MB (  4%) free+waste,   181.50 KB ( <1%) overhead. 

Virtual space:
  Non-class space:       52.00 MB reserved,      51.21 MB ( 98%) committed 
      Class space:        1.00 GB reserved,       6.38 MB ( <1%) committed 
             Both:        1.05 GB reserved,      57.59 MB (  5%) committed 

Chunk freelists:
   Non-Class:  123.00 KB
       Class:  7.00 KB
        Both:  130.00 KB

MaxMetaspaceSize: unlimited
CompressedClassSpaceSize: 1.00 GB

CodeHeap 'non-profiled nmethods': size=120036Kb used=4712Kb max_used=4712Kb free=115323Kb
 bounds [0x00007ff70c33f000, 0x00007ff70c7df000, 0x00007ff713878000]
CodeHeap 'profiled nmethods': size=120032Kb used=24032Kb max_used=24032Kb free=95999Kb
 bounds [0x00007ff704e07000, 0x00007ff706587000, 0x00007ff70c33f000]
CodeHeap 'non-nmethods': size=5692Kb used=1282Kb max_used=1344Kb free=4409Kb
 bounds [0x00007ff704878000, 0x00007ff704ae8000, 0x00007ff704e07000]
 total_blobs=10100 nmethods=9415 adapters=596
 compilation: enabled
              stopped_count=0, restarted_count=0
 full_count=0

Compilation events (20 events):
Event: 983.017 Thread 0x00007ff71c103000 12725       3       java.util.stream.IntPipeline::makeNodeBuilder (5 bytes)
Event: 983.017 Thread 0x00007ff71c103000 nmethod 12725 0x00007ff706578390 code [0x00007ff706578580, 0x00007ff706578990]
Event: 983.017 Thread 0x00007ff71c103000 12726       3       java.util.stream.ReferencePipeline$4::opWrapSink (10 bytes)
Event: 983.018 Thread 0x00007ff71c103000 nmethod 12726 0x00007ff706578b10 code [0x00007ff706578d00, 0x00007ff706579260]
Event: 983.018 Thread 0x00007ff71c103000 12727       3       java.util.stream.ReferencePipeline$4$1::<init> (11 bytes)
Event: 983.018 Thread 0x00007ff71c103000 nmethod 12727 0x00007ff706579410 code [0x00007ff706579600, 0x00007ff706579a80]
Event: 983.018 Thread 0x00007ff71c103000 12728       3       java.util.stream.Nodes$IntFixedNodeBuilder::end (51 bytes)
Event: 983.020 Thread 0x00007ff71c103000 nmethod 12728 0x00007ff706579c10 code [0x00007ff706579f00, 0x00007ff70657b080]
Event: 983.020 Thread 0x00007ff71c103000 12729       3       org.eclipse.jface.text.templates.TemplateVariableResolver::resolveAll (24 bytes)
Event: 983.020 Thread 0x00007ff71c103000 nmethod 12729 0x00007ff70657b690 code [0x00007ff70657b860, 0x00007ff70657bd40]
Event: 983.020 Thread 0x00007ff71c103000 12730       3       org.eclipse.jface.text.templates.TemplateTranslator$$Lambda$340/0x00000008400c0840::accept (12 bytes)
Event: 983.020 Thread 0x00007ff71c103000 nmethod 12730 0x00007ff70657be90 code [0x00007ff70657c0e0, 0x00007ff70657cab0]
Event: 983.020 Thread 0x00007ff71c103000 12735       3       org.eclipse.jdt.core.dom.CompilationUnit::<init> (80 bytes)
Event: 983.021 Thread 0x00007ff71c103000 nmethod 12735 0x00007ff70657cd90 code [0x00007ff70657cfc0, 0x00007ff70657d800]
Event: 983.021 Thread 0x00007ff71c103000 12720       1       org.eclipse.jdt.core.dom.ASTVisitor::visit (2 bytes)
Event: 983.021 Thread 0x00007ff71c103000 nmethod 12720 0x00007ff70c7d8f90 code [0x00007ff70c7d9140, 0x00007ff70c7d9210]
Event: 983.073 Thread 0x00007ff71c103000 12736       3       org.eclipse.jdt.internal.formatter.DefaultCodeFormatter::prepareLineBreaks (51 bytes)
Event: 983.074 Thread 0x00007ff71c103000 nmethod 12736 0x00007ff70657db10 code [0x00007ff70657dd80, 0x00007ff70657eb00]
Event: 983.081 Thread 0x00007ff71c103000 12737       3       org.eclipse.jdt.internal.compiler.parser.Scanner::setSource (70 bytes)
Event: 983.081 Thread 0x00007ff71c103000 nmethod 12737 0x00007ff70657ef10 code [0x00007ff70657f0c0, 0x00007ff70657f2d0]

GC Heap History (20 events):
Event: 966.306 GC heap before
{Heap before GC invocations=1187 (full 593):
 par new generation   total 76672K, used 76671K [0x00000000f0000000, 0x00000000f5330000, 0x00000000f5330000)
  eden space 68160K, 100% used [0x00000000f0000000, 0x00000000f4290000, 0x00000000f4290000)
  from space 8512K,  99% used [0x00000000f4290000, 0x00000000f4adffe8, 0x00000000f4ae0000)
  to   space 8512K,   0% used [0x00000000f4ae0000, 0x00000000f4ae0000, 0x00000000f5330000)
 concurrent mark-sweep generation total 176960K, used 176959K [0x00000000f5330000, 0x0000000100000000, 0x0000000100000000)
 Metaspace       used 55944K, capacity 58578K, committed 58968K, reserved 1101824K
  class space    used 5480K, capacity 6457K, committed 6528K, reserved 1048576K
}
Event: 967.787 GC heap after
{Heap after GC invocations=1188 (full 594):
 par new generation   total 76672K, used 76671K [0x00000000f0000000, 0x00000000f5330000, 0x00000000f5330000)
  eden space 68160K, 100% used [0x00000000f0000000, 0x00000000f4290000, 0x00000000f4290000)
  from space 8512K,  99% used [0x00000000f4290000, 0x00000000f4adffc8, 0x00000000f4ae0000)
  to   space 8512K,   0% used [0x00000000f4ae0000, 0x00000000f4ae0000, 0x00000000f5330000)
 concurrent mark-sweep generation total 176960K, used 176959K [0x00000000f5330000, 0x0000000100000000, 0x0000000100000000)
 Metaspace       used 55944K, capacity 58578K, committed 58968K, reserved 1101824K
  class space    used 5480K, capacity 6457K, committed 6528K, reserved 1048576K
}
Event: 967.788 GC heap before
{Heap before GC invocations=1188 (full 594):
 par new generation   total 76672K, used 76671K [0x00000000f0000000, 0x00000000f5330000, 0x00000000f5330000)
  eden space 68160K, 100% used [0x00000000f0000000, 0x00000000f4290000, 0x00000000f4290000)
  from space 8512K,  99% used [0x00000000f4290000, 0x00000000f4adffe8, 0x00000000f4ae0000)
  to   space 8512K,   0% used [0x00000000f4ae0000, 0x00000000f4ae0000, 0x00000000f5330000)
 concurrent mark-sweep generation total 176960K, used 176959K [0x00000000f5330000, 0x0000000100000000, 0x0000000100000000)
 Metaspace       used 55944K, capacity 58578K, committed 58968K, reserved 1101824K
  class space    used 5480K, capacity 6457K, committed 6528K, reserved 1048576K
}
Event: 969.315 GC heap after
{Heap after GC invocations=1189 (full 595):
 par new generation   total 76672K, used 76671K [0x00000000f0000000, 0x00000000f5330000, 0x00000000f5330000)
  eden space 68160K, 100% used [0x00000000f0000000, 0x00000000f4290000, 0x00000000f4290000)
  from space 8512K,  99% used [0x00000000f4290000, 0x00000000f4adffe8, 0x00000000f4ae0000)
  to   space 8512K,   0% used [0x00000000f4ae0000, 0x00000000f4ae0000, 0x00000000f5330000)
 concurrent mark-sweep generation total 176960K, used 176959K [0x00000000f5330000, 0x0000000100000000, 0x0000000100000000)
 Metaspace       used 55944K, capacity 58578K, committed 58968K, reserved 1101824K
  class space    used 5480K, capacity 6457K, committed 6528K, reserved 1048576K
}
Event: 969.315 GC heap before
{Heap before GC invocations=1189 (full 595):
 par new generation   total 76672K, used 76671K [0x00000000f0000000, 0x00000000f5330000, 0x00000000f5330000)
  eden space 68160K, 100% used [0x00000000f0000000, 0x00000000f4290000, 0x00000000f4290000)
  from space 8512K,  99% used [0x00000000f4290000, 0x00000000f4adffe8, 0x00000000f4ae0000)
  to   space 8512K,   0% used [0x00000000f4ae0000, 0x00000000f4ae0000, 0x00000000f5330000)
 concurrent mark-sweep generation total 176960K, used 176959K [0x00000000f5330000, 0x0000000100000000, 0x0000000100000000)
 Metaspace       used 55944K, capacity 58578K, committed 58968K, reserved 1101824K
  class space    used 5480K, capacity 6457K, committed 6528K, reserved 1048576K
}
Event: 970.983 GC heap after
{Heap after GC invocations=1190 (full 596):
 par new generation   total 76672K, used 76671K [0x00000000f0000000, 0x00000000f5330000, 0x00000000f5330000)
  eden space 68160K, 100% used [0x00000000f0000000, 0x00000000f4290000, 0x00000000f4290000)
  from space 8512K,  99% used [0x00000000f4290000, 0x00000000f4adffe8, 0x00000000f4ae0000)
  to   space 8512K,   0% used [0x00000000f4ae0000, 0x00000000f4ae0000, 0x00000000f5330000)
 concurrent mark-sweep generation total 176960K, used 176959K [0x00000000f5330000, 0x0000000100000000, 0x0000000100000000)
 Metaspace       used 55944K, capacity 58578K, committed 58968K, reserved 1101824K
  class space    used 5480K, capacity 6457K, committed 6528K, reserved 1048576K
}
Event: 970.986 GC heap before
{Heap before GC invocations=1190 (full 596):
 par new generation   total 76672K, used 76671K [0x00000000f0000000, 0x00000000f5330000, 0x00000000f5330000)
  eden space 68160K, 100% used [0x00000000f0000000, 0x00000000f4290000, 0x00000000f4290000)
  from space 8512K,  99% used [0x00000000f4290000, 0x00000000f4adffe8, 0x00000000f4ae0000)
  to   space 8512K,   0% used [0x00000000f4ae0000, 0x00000000f4ae0000, 0x00000000f5330000)
 concurrent mark-sweep generation total 176960K, used 176959K [0x00000000f5330000, 0x0000000100000000, 0x0000000100000000)
 Metaspace       used 55944K, capacity 58578K, committed 58968K, reserved 1101824K
  class space    used 5480K, capacity 6457K, committed 6528K, reserved 1048576K
}
Event: 972.607 GC heap after
{Heap after GC invocations=1191 (full 597):
 par new generation   total 76672K, used 76671K [0x00000000f0000000, 0x00000000f5330000, 0x00000000f5330000)
  eden space 68160K, 100% used [0x00000000f0000000, 0x00000000f4290000, 0x00000000f4290000)
  from space 8512K,  99% used [0x00000000f4290000, 0x00000000f4adffe8, 0x00000000f4ae0000)
  to   space 8512K,   0% used [0x00000000f4ae0000, 0x00000000f4ae0000, 0x00000000f5330000)
 concurrent mark-sweep generation total 176960K, used 176959K [0x00000000f5330000, 0x0000000100000000, 0x0000000100000000)
 Metaspace       used 55944K, capacity 58578K, committed 58968K, reserved 1101824K
  class space    used 5480K, capacity 6457K, committed 6528K, reserved 1048576K
}
Event: 972.607 GC heap before
{Heap before GC invocations=1191 (full 597):
 par new generation   total 76672K, used 76671K [0x00000000f0000000, 0x00000000f5330000, 0x00000000f5330000)
  eden space 68160K, 100% used [0x00000000f0000000, 0x00000000f4290000, 0x00000000f4290000)
  from space 8512K,  99% used [0x00000000f4290000, 0x00000000f4adffe8, 0x00000000f4ae0000)
  to   space 8512K,   0% used [0x00000000f4ae0000, 0x00000000f4ae0000, 0x00000000f5330000)
 concurrent mark-sweep generation total 176960K, used 176959K [0x00000000f5330000, 0x0000000100000000, 0x0000000100000000)
 Metaspace       used 55944K, capacity 58578K, committed 58968K, reserved 1101824K
  class space    used 5480K, capacity 6457K, committed 6528K, reserved 1048576K
}
Event: 974.195 GC heap after
{Heap after GC invocations=1192 (full 598):
 par new generation   total 76672K, used 76671K [0x00000000f0000000, 0x00000000f5330000, 0x00000000f5330000)
  eden space 68160K, 100% used [0x00000000f0000000, 0x00000000f4290000, 0x00000000f4290000)
  from space 8512K,  99% used [0x00000000f4290000, 0x00000000f4adffe8, 0x00000000f4ae0000)
  to   space 8512K,   0% used [0x00000000f4ae0000, 0x00000000f4ae0000, 0x00000000f5330000)
 concurrent mark-sweep generation total 176960K, used 176959K [0x00000000f5330000, 0x0000000100000000, 0x0000000100000000)
 Metaspace       used 55944K, capacity 58578K, committed 58968K, reserved 1101824K
  class space    used 5480K, capacity 6457K, committed 6528K, reserved 1048576K
}
Event: 974.195 GC heap before
{Heap before GC invocations=1192 (full 598):
 par new generation   total 76672K, used 76672K [0x00000000f0000000, 0x00000000f5330000, 0x00000000f5330000)
  eden space 68160K, 100% used [0x00000000f0000000, 0x00000000f4290000, 0x00000000f4290000)
  from space 8512K, 100% used [0x00000000f4290000, 0x00000000f4ae0000, 0x00000000f4ae0000)
  to   space 8512K,   0% used [0x00000000f4ae0000, 0x00000000f4ae0000, 0x00000000f5330000)
 concurrent mark-sweep generation total 176960K, used 176959K [0x00000000f5330000, 0x0000000100000000, 0x0000000100000000)
 Metaspace       used 55944K, capacity 58578K, committed 58968K, reserved 1101824K
  class space    used 5480K, capacity 6457K, committed 6528K, reserved 1048576K
}
Event: 975.713 GC heap after
{Heap after GC invocations=1193 (full 599):
 par new generation   total 76672K, used 76671K [0x00000000f0000000, 0x00000000f5330000, 0x00000000f5330000)
  eden space 68160K, 100% used [0x00000000f0000000, 0x00000000f4290000, 0x00000000f4290000)
  from space 8512K,  99% used [0x00000000f4290000, 0x00000000f4adffe0, 0x00000000f4ae0000)
  to   space 8512K,   0% used [0x00000000f4ae0000, 0x00000000f4ae0000, 0x00000000f5330000)
 concurrent mark-sweep generation total 176960K, used 176959K [0x00000000f5330000, 0x0000000100000000, 0x0000000100000000)
 Metaspace       used 55944K, capacity 58578K, committed 58968K, reserved 1101824K
  class space    used 5480K, capacity 6457K, committed 6528K, reserved 1048576K
}
Event: 975.714 GC heap before
{Heap before GC invocations=1193 (full 599):
 par new generation   total 76672K, used 76672K [0x00000000f0000000, 0x00000000f5330000, 0x00000000f5330000)
  eden space 68160K, 100% used [0x00000000f0000000, 0x00000000f4290000, 0x00000000f4290000)
  from space 8512K, 100% used [0x00000000f4290000, 0x00000000f4ae0000, 0x00000000f4ae0000)
  to   space 8512K,   0% used [0x00000000f4ae0000, 0x00000000f4ae0000, 0x00000000f5330000)
 concurrent mark-sweep generation total 176960K, used 176959K [0x00000000f5330000, 0x0000000100000000, 0x0000000100000000)
 Metaspace       used 55944K, capacity 58578K, committed 58968K, reserved 1101824K
  class space    used 5480K, capacity 6457K, committed 6528K, reserved 1048576K
}
Event: 977.492 GC heap after
{Heap after GC invocations=1194 (full 600):
 par new generation   total 76672K, used 75019K [0x00000000f0000000, 0x00000000f5330000, 0x00000000f5330000)
  eden space 68160K,  99% used [0x00000000f0000000, 0x00000000f428f9d8, 0x00000000f4290000)
  from space 8512K,  80% used [0x00000000f4290000, 0x00000000f4943360, 0x00000000f4ae0000)
  to   space 8512K,   0% used [0x00000000f4ae0000, 0x00000000f4ae0000, 0x00000000f5330000)
 concurrent mark-sweep generation total 176960K, used 176959K [0x00000000f5330000, 0x0000000100000000, 0x0000000100000000)
 Metaspace       used 55944K, capacity 58578K, committed 58968K, reserved 1101824K
  class space    used 5480K, capacity 6457K, committed 6528K, reserved 1048576K
}
Event: 977.799 GC heap before
{Heap before GC invocations=1194 (full 601):
 par new generation   total 76672K, used 76671K [0x00000000f0000000, 0x00000000f5330000, 0x00000000f5330000)
  eden space 68160K,  99% used [0x00000000f0000000, 0x00000000f428fff8, 0x00000000f4290000)
  from space 8512K,  99% used [0x00000000f4290000, 0x00000000f4adffe8, 0x00000000f4ae0000)
  to   space 8512K,   0% used [0x00000000f4ae0000, 0x00000000f4ae0000, 0x00000000f5330000)
 concurrent mark-sweep generation total 176960K, used 176959K [0x00000000f5330000, 0x0000000100000000, 0x0000000100000000)
 Metaspace       used 55952K, capacity 58578K, committed 58968K, reserved 1101824K
  class space    used 5480K, capacity 6457K, committed 6528K, reserved 1048576K
}
Event: 979.815 GC heap after
{Heap after GC invocations=1195 (full 602):
 par new generation   total 76672K, used 74998K [0x00000000f0000000, 0x00000000f5330000, 0x00000000f5330000)
  eden space 68160K,  99% used [0x00000000f0000000, 0x00000000f428eb30, 0x00000000f4290000)
  from space 8512K,  80% used [0x00000000f4290000, 0x00000000f493ed38, 0x00000000f4ae0000)
  to   space 8512K,   0% used [0x00000000f4ae0000, 0x00000000f4ae0000, 0x00000000f5330000)
 concurrent mark-sweep generation total 176960K, used 176958K [0x00000000f5330000, 0x0000000100000000, 0x0000000100000000)
 Metaspace       used 55952K, capacity 58578K, committed 58968K, reserved 1101824K
  class space    used 5480K, capacity 6457K, committed 6528K, reserved 1048576K
}
Event: 979.879 GC heap before
{Heap before GC invocations=1195 (full 602):
 par new generation   total 76672K, used 76671K [0x00000000f0000000, 0x00000000f5330000, 0x00000000f5330000)
  eden space 68160K, 100% used [0x00000000f0000000, 0x00000000f4290000, 0x00000000f4290000)
  from space 8512K,  99% used [0x00000000f4290000, 0x00000000f4adffe8, 0x00000000f4ae0000)
  to   space 8512K,   0% used [0x00000000f4ae0000, 0x00000000f4ae0000, 0x00000000f5330000)
 concurrent mark-sweep generation total 176960K, used 176959K [0x00000000f5330000, 0x0000000100000000, 0x0000000100000000)
 Metaspace       used 55953K, capacity 58578K, committed 58968K, reserved 1101824K
  class space    used 5480K, capacity 6457K, committed 6528K, reserved 1048576K
}
Event: 981.420 GC heap after
{Heap after GC invocations=1196 (full 603):
 par new generation   total 76672K, used 74770K [0x00000000f0000000, 0x00000000f5330000, 0x00000000f5330000)
  eden space 68160K,  99% used [0x00000000f0000000, 0x00000000f428d600, 0x00000000f4290000)
  from space 8512K,  77% used [0x00000000f4290000, 0x00000000f4907360, 0x00000000f4ae0000)
  to   space 8512K,   0% used [0x00000000f4ae0000, 0x00000000f4ae0000, 0x00000000f5330000)
 concurrent mark-sweep generation total 176960K, used 176954K [0x00000000f5330000, 0x0000000100000000, 0x0000000100000000)
 Metaspace       used 55953K, capacity 58578K, committed 58968K, reserved 1101824K
  class space    used 5480K, capacity 6457K, committed 6528K, reserved 1048576K
}
Event: 981.577 GC heap before
{Heap before GC invocations=1196 (full 603):
 par new generation   total 76672K, used 76672K [0x00000000f0000000, 0x00000000f5330000, 0x00000000f5330000)
  eden space 68160K, 100% used [0x00000000f0000000, 0x00000000f4290000, 0x00000000f4290000)
  from space 8512K, 100% used [0x00000000f4290000, 0x00000000f4ae0000, 0x00000000f4ae0000)
  to   space 8512K,   0% used [0x00000000f4ae0000, 0x00000000f4ae0000, 0x00000000f5330000)
 concurrent mark-sweep generation total 176960K, used 176960K [0x00000000f5330000, 0x0000000100000000, 0x0000000100000000)
 Metaspace       used 55953K, capacity 58578K, committed 58968K, reserved 1101824K
  class space    used 5480K, capacity 6457K, committed 6528K, reserved 1048576K
}
Event: 983.016 GC heap after
{Heap after GC invocations=1197 (full 604):
 par new generation   total 76672K, used 75209K [0x00000000f0000000, 0x00000000f5330000, 0x00000000f5330000)
  eden space 68160K,  99% used [0x00000000f0000000, 0x00000000f428d640, 0x00000000f4290000)
  from space 8512K,  82% used [0x00000000f4290000, 0x00000000f4974fe0, 0x00000000f4ae0000)
  to   space 8512K,   0% used [0x00000000f4ae0000, 0x00000000f4ae0000, 0x00000000f5330000)
 concurrent mark-sweep generation total 176960K, used 176955K [0x00000000f5330000, 0x0000000100000000, 0x0000000100000000)
 Metaspace       used 55953K, capacity 58578K, committed 58968K, reserved 1101824K
  class space    used 5480K, capacity 6457K, committed 6528K, reserved 1048576K
}

Deoptimization events (20 events):
Event: 673.893 Thread 0x00007ff6ac001000 DEOPT PACKING pc=0x00007ff70c74a8f0 sp=0x00007ff6fc9f5f10
Event: 673.893 Thread 0x00007ff6ac001000 DEOPT UNPACKING pc=0x00007ff70489d2a5 sp=0x00007ff6fc9f5e68 mode 2
Event: 682.876 Thread 0x00007ff6ac001000 Uncommon trap: trap_request=0xffffff4d fr.pc=0x00007ff70c75b3a4 relative=0x00000000000010a4
Event: 682.876 Thread 0x00007ff6ac001000 Uncommon trap: reason=unstable_if action=reinterpret pc=0x00007ff70c75b3a4 method=org.eclipse.jdt.internal.compiler.parser.Scanner.getNextToken()I @ 100 c2
Event: 682.876 Thread 0x00007ff6ac001000 DEOPT PACKING pc=0x00007ff70c75b3a4 sp=0x00007ff6fc9f5df0
Event: 682.876 Thread 0x00007ff6ac001000 DEOPT UNPACKING pc=0x00007ff70489d2a5 sp=0x00007ff6fc9f5dc8 mode 2
Event: 715.574 Thread 0x00007ff694125800 DEOPT PACKING pc=0x00007ff7063a52f4 sp=0x00007ff67c360810
Event: 715.574 Thread 0x00007ff694125800 DEOPT UNPACKING pc=0x00007ff70489da4a sp=0x00007ff67c35fda0 mode 0
Event: 781.203 Thread 0x00007ff6ac001000 DEOPT PACKING pc=0x00007ff705c20933 sp=0x00007ff6fc9f5270
Event: 781.203 Thread 0x00007ff6ac001000 DEOPT UNPACKING pc=0x00007ff70489da4a sp=0x00007ff6fc9f47d0 mode 0
Event: 853.019 Thread 0x00007ff69414f800 DEOPT PACKING pc=0x00007ff70c660434 sp=0x00007ff67d546280
Event: 853.019 Thread 0x00007ff69414f800 DEOPT UNPACKING pc=0x00007ff70489da4a sp=0x00007ff67d5456d0 mode 1
Event: 932.500 Thread 0x00007ff69425c000 DEOPT PACKING pc=0x00007ff7063a5227 sp=0x00007ff67df50000
Event: 932.500 Thread 0x00007ff69425c000 DEOPT UNPACKING pc=0x00007ff70489da4a sp=0x00007ff67df4f580 mode 0
Event: 959.281 Thread 0x00007ff694173800 DEOPT PACKING pc=0x00007ff70c37c3f4 sp=0x00007ff5fe9e75a0
Event: 959.281 Thread 0x00007ff694173800 DEOPT UNPACKING pc=0x00007ff70489da4a sp=0x00007ff5fe9e6a18 mode 1
Event: 970.985 Thread 0x00007ff694151000 DEOPT PACKING pc=0x00007ff70c640800 sp=0x00007ff67d445800
Event: 970.986 Thread 0x00007ff694151000 DEOPT UNPACKING pc=0x00007ff70489da4a sp=0x00007ff67d444c08 mode 1
Event: 974.195 Thread 0x00007ff6c44cf800 DEOPT PACKING pc=0x00007ff70c5be258 sp=0x00007ff6fd3fa210
Event: 974.195 Thread 0x00007ff6c44cf800 DEOPT UNPACKING pc=0x00007ff70489da4a sp=0x00007ff6fd3f9648 mode 1

Classes redefined (0 events):
No events

Internal exceptions (20 events):
Event: 650.276 Thread 0x00007ff6940f5800 Exception <a 'java/lang/ArrayIndexOutOfBoundsException'{0x00000000f4aaa8f0}> (0x00000000f4aaa8f0) thrown at [src/hotspot/share/runtime/sharedRuntime.cpp, line 606]
Event: 650.277 Thread 0x00007ff6940f1800 Exception <a 'java/lang/ArrayIndexOutOfBoundsException'{0x00000000f4abe150}> (0x00000000f4abe150) thrown at [src/hotspot/share/runtime/sharedRuntime.cpp, line 606]
Event: 650.278 Thread 0x00007ff69425c000 Exception <a 'java/lang/ArrayIndexOutOfBoundsException'{0x00000000f4ad8f60}> (0x00000000f4ad8f60) thrown at [src/hotspot/share/runtime/sharedRuntime.cpp, line 606]
Event: 651.903 Thread 0x00007ff6940f1800 Exception <a 'java/lang/ArrayIndexOutOfBoundsException'{0x00000000f4981000}> (0x00000000f4981000) thrown at [src/hotspot/share/runtime/sharedRuntime.cpp, line 606]
Event: 651.903 Thread 0x00007ff6940f1800 Exception <a 'java/lang/ArrayIndexOutOfBoundsException'{0x00000000f4981400}> (0x00000000f4981400) thrown at [src/hotspot/share/runtime/sharedRuntime.cpp, line 606]
Event: 651.906 Thread 0x00007ff6940f1800 Exception <a 'java/lang/ArrayIndexOutOfBoundsException'{0x00000000f49af418}> (0x00000000f49af418) thrown at [src/hotspot/share/runtime/sharedRuntime.cpp, line 606]
Event: 651.906 Thread 0x00007ff6940f1800 Exception <a 'java/lang/ArrayIndexOutOfBoundsException'{0x00000000f49af7a8}> (0x00000000f49af7a8) thrown at [src/hotspot/share/runtime/sharedRuntime.cpp, line 606]
Event: 651.906 Thread 0x00007ff69421b800 Exception <a 'java/lang/ArrayIndexOutOfBoundsException'{0x00000000f49c2d58}> (0x00000000f49c2d58) thrown at [src/hotspot/share/runtime/sharedRuntime.cpp, line 606]
Event: 651.907 Thread 0x00007ff69421b800 Exception <a 'java/lang/ArrayIndexOutOfBoundsException'{0x00000000f49c3158}> (0x00000000f49c3158) thrown at [src/hotspot/share/runtime/sharedRuntime.cpp, line 606]
Event: 651.909 Thread 0x00007ff69421b800 Exception <a 'java/lang/ArrayIndexOutOfBoundsException'{0x00000000f49f1170}> (0x00000000f49f1170) thrown at [src/hotspot/share/runtime/sharedRuntime.cpp, line 606]
Event: 651.909 Thread 0x00007ff69421b800 Exception <a 'java/lang/ArrayIndexOutOfBoundsException'{0x00000000f49f1500}> (0x00000000f49f1500) thrown at [src/hotspot/share/runtime/sharedRuntime.cpp, line 606]
Event: 651.911 Thread 0x00007ff694293800 Exception <a 'java/lang/ArrayIndexOutOfBoundsException'{0x00000000f4a1a4d8}> (0x00000000f4a1a4d8) thrown at [src/hotspot/share/runtime/sharedRuntime.cpp, line 606]
Event: 651.911 Thread 0x00007ff694293800 Exception <a 'java/lang/ArrayIndexOutOfBoundsException'{0x00000000f4a1a8d8}> (0x00000000f4a1a8d8) thrown at [src/hotspot/share/runtime/sharedRuntime.cpp, line 606]
Event: 651.913 Thread 0x00007ff694278800 Exception <a 'java/lang/ArrayIndexOutOfBoundsException'{0x00000000f4a54e80}> (0x00000000f4a54e80) thrown at [src/hotspot/share/runtime/sharedRuntime.cpp, line 606]
Event: 651.913 Thread 0x00007ff694278800 Exception <a 'java/lang/ArrayIndexOutOfBoundsException'{0x00000000f4a56ac0}> (0x00000000f4a56ac0) thrown at [src/hotspot/share/runtime/sharedRuntime.cpp, line 606]
Event: 651.976 Thread 0x00007ff694291000 Exception <a 'java/lang/ArrayIndexOutOfBoundsException'{0x00000000f4a95fa0}> (0x00000000f4a95fa0) thrown at [src/hotspot/share/runtime/sharedRuntime.cpp, line 606]
Event: 853.019 Thread 0x00007ff69414f800 Exception <a 'java/lang/OutOfMemoryError'{0x00000000f54b55a8}> (0x00000000f54b55a8) thrown at [src/hotspot/share/gc/shared/memAllocator.cpp, line 132]
Event: 959.280 Thread 0x00007ff694173800 Exception <a 'java/lang/OutOfMemoryError'{0x00000000f54b5588}> (0x00000000f54b5588) thrown at [src/hotspot/share/gc/shared/memAllocator.cpp, line 132]
Event: 970.985 Thread 0x00007ff694151000 Exception <a 'java/lang/OutOfMemoryError'{0x00000000f54b5588}> (0x00000000f54b5588) thrown at [src/hotspot/share/gc/shared/memAllocator.cpp, line 132]
Event: 974.195 Thread 0x00007ff6c44cf800 Exception <a 'java/lang/OutOfMemoryError'{0x00000000f54b5588}> (0x00000000f54b5588) thrown at [src/hotspot/share/gc/shared/memAllocator.cpp, line 132]

Events (20 events):
Event: 966.305 Executing VM operation: GenCollectForAllocation
Event: 967.787 Executing VM operation: GenCollectForAllocation done
Event: 967.787 Executing VM operation: GenCollectForAllocation
Event: 970.983 Executing VM operation: GenCollectForAllocation done
Event: 970.986 Executing VM operation: GenCollectForAllocation
Event: 974.195 Executing VM operation: GenCollectForAllocation done
Event: 974.195 Executing VM operation: GenCollectForAllocation
Event: 975.713 Executing VM operation: GenCollectForAllocation done
Event: 975.713 Executing VM operation: GenCollectForAllocation
Event: 977.492 Executing VM operation: GenCollectForAllocation done
Event: 977.501 Executing VM operation: RevokeBias
Event: 977.503 Executing VM operation: RevokeBias done
Event: 977.574 Executing VM operation: CMS_Initial_Mark
Event: 977.790 Executing VM operation: CMS_Initial_Mark done
Event: 977.799 Executing VM operation: GenCollectForAllocation
Event: 979.815 Executing VM operation: GenCollectForAllocation done
Event: 979.879 Executing VM operation: GenCollectForAllocation
Event: 981.420 Executing VM operation: GenCollectForAllocation done
Event: 981.572 Executing VM operation: GenCollectForAllocation
Event: 983.016 Executing VM operation: GenCollectForAllocation done


Dynamic libraries:
f0000000-f5330000 rw-p 00000000 00:00 0 
f5330000-100000000 rw-p 00000000 00:00 0 
800000000-800002000 rwxp 00001000 00:25ba 3366187                        /usr/lib/jvm/java-11-openjdk-amd64/lib/server/classes.jsa
800002000-8003b9000 rw-p 00003000 00:25ba 3366187                        /usr/lib/jvm/java-11-openjdk-amd64/lib/server/classes.jsa
8003b9000-800a95000 r--p 003ba000 00:25ba 3366187                        /usr/lib/jvm/java-11-openjdk-amd64/lib/server/classes.jsa
800a95000-800a96000 rw-p 00a96000 00:25ba 3366187                        /usr/lib/jvm/java-11-openjdk-amd64/lib/server/classes.jsa
800a96000-8010a3000 r--p 00a97000 00:25ba 3366187                        /usr/lib/jvm/java-11-openjdk-amd64/lib/server/classes.jsa
840000000-840660000 rw-p 00000000 00:00 0 
840660000-880000000 ---p 00000000 00:00 0 
55e940800000-55e940801000 r-xp 00000000 00:25ba 3365818                  /usr/lib/jvm/java-11-openjdk-amd64/bin/java
55e940a01000-55e940a02000 r--p 00001000 00:25ba 3365818                  /usr/lib/jvm/java-11-openjdk-amd64/bin/java
55e940a02000-55e940a03000 rw-p 00002000 00:25ba 3365818                  /usr/lib/jvm/java-11-openjdk-amd64/bin/java
55e9412ce000-55e941311000 rw-p 00000000 00:00 0                          [heap]
7ff5f8000000-7ff5f8049000 rw-p 00000000 00:00 0 
7ff5f8049000-7ff5fc000000 ---p 00000000 00:00 0 
7ff5fc8d1000-7ff5fca11000 rw-p 00000000 00:00 0 
7ff5fca11000-7ff5fcad1000 ---p 00000000 00:00 0 
7ff5fcad1000-7ff5fccd1000 rw-p 00000000 00:00 0 
7ff5fccd1000-7ff5fced1000 rw-p 00000000 00:00 0 
7ff5fced1000-7ff5fd0d1000 rw-p 00000000 00:00 0 
7ff5fd0d1000-7ff5fd0d5000 ---p 00000000 00:00 0 
7ff5fd0d5000-7ff5fd1d2000 rw-p 00000000 00:00 0 
7ff5fd1d2000-7ff5fd1d6000 ---p 00000000 00:00 0 
7ff5fd1d6000-7ff5fd2d3000 rw-p 00000000 00:00 0 
7ff5fd2d3000-7ff5fd2d7000 ---p 00000000 00:00 0 
7ff5fd2d7000-7ff5fd3d4000 rw-p 00000000 00:00 0 
7ff5fd3d4000-7ff5fd3d8000 ---p 00000000 00:00 0 
7ff5fd3d8000-7ff5fd4d5000 rw-p 00000000 00:00 0 
7ff5fd4d5000-7ff5fd4d9000 ---p 00000000 00:00 0 
7ff5fd4d9000-7ff5fd5d6000 rw-p 00000000 00:00 0 
7ff5fd5d6000-7ff5fd5da000 ---p 00000000 00:00 0 
7ff5fd5da000-7ff5fd6d7000 rw-p 00000000 00:00 0 
7ff5fd6d7000-7ff5fd6db000 ---p 00000000 00:00 0 
7ff5fd6db000-7ff5fd7d8000 rw-p 00000000 00:00 0 
7ff5fd7d8000-7ff5fd7dc000 ---p 00000000 00:00 0 
7ff5fd7dc000-7ff5fd8d9000 rw-p 00000000 00:00 0 
7ff5fd8d9000-7ff5fd8dd000 ---p 00000000 00:00 0 
7ff5fd8dd000-7ff5fd9da000 rw-p 00000000 00:00 0 
7ff5fd9da000-7ff5fd9de000 ---p 00000000 00:00 0 
7ff5fd9de000-7ff5fdadb000 rw-p 00000000 00:00 0 
7ff5fdadb000-7ff5fdadf000 ---p 00000000 00:00 0 
7ff5fdadf000-7ff5fdbdc000 rw-p 00000000 00:00 0 
7ff5fdbdc000-7ff5fdbe0000 ---p 00000000 00:00 0 
7ff5fdbe0000-7ff5fdcdd000 rw-p 00000000 00:00 0 
7ff5fdcdd000-7ff5fdce1000 ---p 00000000 00:00 0 
7ff5fdce1000-7ff5fddde000 rw-p 00000000 00:00 0 
7ff5fddde000-7ff5fdde2000 ---p 00000000 00:00 0 
7ff5fdde2000-7ff5fdedf000 rw-p 00000000 00:00 0 
7ff5fdedf000-7ff5fdee3000 ---p 00000000 00:00 0 
7ff5fdee3000-7ff5fdfe0000 rw-p 00000000 00:00 0 
7ff5fdfe0000-7ff5fdfe4000 ---p 00000000 00:00 0 
7ff5fdfe4000-7ff5fe0e1000 rw-p 00000000 00:00 0 
7ff5fe0e1000-7ff5fe0e5000 ---p 00000000 00:00 0 
7ff5fe0e5000-7ff5fe1e2000 rw-p 00000000 00:00 0 
7ff5fe1e2000-7ff5fe1e6000 ---p 00000000 00:00 0 
7ff5fe1e6000-7ff5fe2e3000 rw-p 00000000 00:00 0 
7ff5fe2e3000-7ff5fe2e7000 ---p 00000000 00:00 0 
7ff5fe2e7000-7ff5fe3e4000 rw-p 00000000 00:00 0 
7ff5fe3e4000-7ff5fe3e8000 ---p 00000000 00:00 0 
7ff5fe3e8000-7ff5fe4e5000 rw-p 00000000 00:00 0 
7ff5fe4e5000-7ff5fe4e9000 ---p 00000000 00:00 0 
7ff5fe4e9000-7ff5fe5e6000 rw-p 00000000 00:00 0 
7ff5fe5e6000-7ff5fe5ea000 ---p 00000000 00:00 0 
7ff5fe5ea000-7ff5fe6e7000 rw-p 00000000 00:00 0 
7ff5fe6e7000-7ff5fe6eb000 ---p 00000000 00:00 0 
7ff5fe6eb000-7ff5fe7e8000 rw-p 00000000 00:00 0 
7ff5fe7e8000-7ff5fe7ec000 ---p 00000000 00:00 0 
7ff5fe7ec000-7ff5fe8e9000 rw-p 00000000 00:00 0 
7ff5fe8e9000-7ff5fe8ed000 ---p 00000000 00:00 0 
7ff5fe8ed000-7ff5fe9ea000 rw-p 00000000 00:00 0 
7ff5fe9ea000-7ff5fe9ee000 ---p 00000000 00:00 0 
7ff5fe9ee000-7ff5feaeb000 rw-p 00000000 00:00 0 
7ff5feaeb000-7ff5feaef000 ---p 00000000 00:00 0 
7ff5feaef000-7ff5febec000 rw-p 00000000 00:00 0 
7ff5febec000-7ff5febf0000 ---p 00000000 00:00 0 
7ff5febf0000-7ff5feced000 rw-p 00000000 00:00 0 
7ff5feced000-7ff5fecf1000 ---p 00000000 00:00 0 
7ff5fecf1000-7ff5fedee000 rw-p 00000000 00:00 0 
7ff5fedee000-7ff5fedf2000 ---p 00000000 00:00 0 
7ff5fedf2000-7ff5feeef000 rw-p 00000000 00:00 0 
7ff5feeef000-7ff5feef3000 ---p 00000000 00:00 0 
7ff5feef3000-7ff5feff0000 rw-p 00000000 00:00 0 
7ff5feff0000-7ff5feff4000 ---p 00000000 00:00 0 
7ff5feff4000-7ff5ff0f1000 rw-p 00000000 00:00 0 
7ff5ff0f1000-7ff5ff0f5000 ---p 00000000 00:00 0 
7ff5ff0f5000-7ff5ff1f2000 rw-p 00000000 00:00 0 
7ff5ff1f2000-7ff5ff1f6000 ---p 00000000 00:00 0 
7ff5ff1f6000-7ff5ff2f3000 rw-p 00000000 00:00 0 
7ff5ff2f3000-7ff5ff2f7000 ---p 00000000 00:00 0 
7ff5ff2f7000-7ff5ff3f4000 rw-p 00000000 00:00 0 
7ff5ff3f4000-7ff5ff3f8000 ---p 00000000 00:00 0 
7ff5ff3f8000-7ff5ff4f5000 rw-p 00000000 00:00 0 
7ff5ff4f5000-7ff5ff4f9000 ---p 00000000 00:00 0 
7ff5ff4f9000-7ff5ff5f6000 rw-p 00000000 00:00 0 
7ff5ff5f6000-7ff5ff5fa000 ---p 00000000 00:00 0 
7ff5ff5fa000-7ff5ff6f7000 rw-p 00000000 00:00 0 
7ff5ff6f7000-7ff5ff6fb000 ---p 00000000 00:00 0 
7ff5ff6fb000-7ff5ff7f8000 rw-p 00000000 00:00 0 
7ff5ff7f8000-7ff5ff7fc000 ---p 00000000 00:00 0 
7ff5ff7fc000-7ff5ff8f9000 rw-p 00000000 00:00 0 
7ff5ff8f9000-7ff5ff8fd000 ---p 00000000 00:00 0 
7ff5ff8fd000-7ff5ff9fa000 rw-p 00000000 00:00 0 
7ff5ff9fa000-7ff5ff9fe000 ---p 00000000 00:00 0 
7ff5ff9fe000-7ff5ffafb000 rw-p 00000000 00:00 0 
7ff5ffafb000-7ff5ffaff000 ---p 00000000 00:00 0 
7ff5ffaff000-7ff5ffbfc000 rw-p 00000000 00:00 0 
7ff5ffbfc000-7ff5ffc00000 ---p 00000000 00:00 0 
7ff5ffc00000-7ff5ffcfd000 rw-p 00000000 00:00 0 
7ff5ffcfd000-7ff5ffd01000 ---p 00000000 00:00 0 
7ff5ffd01000-7ff5ffdfe000 rw-p 00000000 00:00 0 
7ff5ffdfe000-7ff5ffe02000 ---p 00000000 00:00 0 
7ff5ffe02000-7ff5ffeff000 rw-p 00000000 00:00 0 
7ff5ffeff000-7ff5fff03000 ---p 00000000 00:00 0 
7ff5fff03000-7ff600000000 rw-p 00000000 00:00 0 
7ff600000000-7ff600021000 rw-p 00000000 00:00 0 
7ff600021000-7ff604000000 ---p 00000000 00:00 0 
7ff604000000-7ff60403f000 rw-p 00000000 00:00 0 
7ff60403f000-7ff608000000 ---p 00000000 00:00 0 
7ff608000000-7ff608021000 rw-p 00000000 00:00 0 
7ff608021000-7ff60c000000 ---p 00000000 00:00 0 
7ff60c000000-7ff60c021000 rw-p 00000000 00:00 0 
7ff60c021000-7ff610000000 ---p 00000000 00:00 0 
7ff610000000-7ff61002e000 rw-p 00000000 00:00 0 
7ff61002e000-7ff614000000 ---p 00000000 00:00 0 
7ff614000000-7ff614026000 rw-p 00000000 00:00 0 
7ff614026000-7ff618000000 ---p 00000000 00:00 0 
7ff618000000-7ff618032000 rw-p 00000000 00:00 0 
7ff618032000-7ff61c000000 ---p 00000000 00:00 0 
7ff61c000000-7ff61c036000 rw-p 00000000 00:00 0 
7ff61c036000-7ff620000000 ---p 00000000 00:00 0 
7ff620000000-7ff62002b000 rw-p 00000000 00:00 0 
7ff62002b000-7ff624000000 ---p 00000000 00:00 0 
7ff624000000-7ff624021000 rw-p 00000000 00:00 0 
7ff624021000-7ff628000000 ---p 00000000 00:00 0 
7ff628000000-7ff628023000 rw-p 00000000 00:00 0 
7ff628023000-7ff62c000000 ---p 00000000 00:00 0 
7ff62c000000-7ff62c097000 rw-p 00000000 00:00 0 
7ff62c097000-7ff630000000 ---p 00000000 00:00 0 
7ff630000000-7ff630023000 rw-p 00000000 00:00 0 
7ff630023000-7ff634000000 ---p 00000000 00:00 0 
7ff634000000-7ff634044000 rw-p 00000000 00:00 0 
7ff634044000-7ff638000000 ---p 00000000 00:00 0 
7ff638000000-7ff638029000 rw-p 00000000 00:00 0 
7ff638029000-7ff63c000000 ---p 00000000 00:00 0 
7ff63c000000-7ff63c027000 rw-p 00000000 00:00 0 
7ff63c027000-7ff640000000 ---p 00000000 00:00 0 
7ff640000000-7ff64004e000 rw-p 00000000 00:00 0 
7ff64004e000-7ff644000000 ---p 00000000 00:00 0 
7ff644000000-7ff64405b000 rw-p 00000000 00:00 0 
7ff64405b000-7ff648000000 ---p 00000000 00:00 0 
7ff648000000-7ff648025000 rw-p 00000000 00:00 0 
7ff648025000-7ff64c000000 ---p 00000000 00:00 0 
7ff64c000000-7ff64c021000 rw-p 00000000 00:00 0 
7ff64c021000-7ff650000000 ---p 00000000 00:00 0 
7ff650000000-7ff650025000 rw-p 00000000 00:00 0 
7ff650025000-7ff654000000 ---p 00000000 00:00 0 
7ff654000000-7ff654021000 rw-p 00000000 00:00 0 
7ff654021000-7ff658000000 ---p 00000000 00:00 0 
7ff658000000-7ff658027000 rw-p 00000000 00:00 0 
7ff658027000-7ff65c000000 ---p 00000000 00:00 0 
7ff65c000000-7ff65c021000 rw-p 00000000 00:00 0 
7ff65c021000-7ff660000000 ---p 00000000 00:00 0 
7ff660000000-7ff66002e000 rw-p 00000000 00:00 0 
7ff66002e000-7ff664000000 ---p 00000000 00:00 0 
7ff664000000-7ff66403b000 rw-p 00000000 00:00 0 
7ff66403b000-7ff668000000 ---p 00000000 00:00 0 
7ff668000000-7ff668029000 rw-p 00000000 00:00 0 
7ff668029000-7ff66c000000 ---p 00000000 00:00 0 
7ff66c000000-7ff66c022000 rw-p 00000000 00:00 0 
7ff66c022000-7ff670000000 ---p 00000000 00:00 0 
7ff670000000-7ff670021000 rw-p 00000000 00:00 0 
7ff670021000-7ff674000000 ---p 00000000 00:00 0 
7ff674000000-7ff67403b000 rw-p 00000000 00:00 0 
7ff67403b000-7ff678000000 ---p 00000000 00:00 0 
7ff678000000-7ff678021000 rw-p 00000000 00:00 0 
7ff678021000-7ff67c000000 ---p 00000000 00:00 0 
7ff67c060000-7ff67c064000 ---p 00000000 00:00 0 
7ff67c064000-7ff67c161000 rw-p 00000000 00:00 0 
7ff67c161000-7ff67c165000 ---p 00000000 00:00 0 
7ff67c165000-7ff67c262000 rw-p 00000000 00:00 0 
7ff67c262000-7ff67c266000 ---p 00000000 00:00 0 
7ff67c266000-7ff67c363000 rw-p 00000000 00:00 0 
7ff67c363000-7ff67c367000 ---p 00000000 00:00 0 
7ff67c367000-7ff67c464000 rw-p 00000000 00:00 0 
7ff67c464000-7ff67c468000 ---p 00000000 00:00 0 
7ff67c468000-7ff67c565000 rw-p 00000000 00:00 0 
7ff67c565000-7ff67c569000 ---p 00000000 00:00 0 
7ff67c569000-7ff67c666000 rw-p 00000000 00:00 0 
7ff67c666000-7ff67c66a000 ---p 00000000 00:00 0 
7ff67c66a000-7ff67c767000 rw-p 00000000 00:00 0 
7ff67c767000-7ff67c76b000 ---p 00000000 00:00 0 
7ff67c76b000-7ff67c868000 rw-p 00000000 00:00 0 
7ff67c868000-7ff67c86c000 ---p 00000000 00:00 0 
7ff67c86c000-7ff67c969000 rw-p 00000000 00:00 0 
7ff67c969000-7ff67c96d000 ---p 00000000 00:00 0 
7ff67c96d000-7ff67ca6a000 rw-p 00000000 00:00 0 
7ff67cb3f000-7ff67cb43000 ---p 00000000 00:00 0 
7ff67cb43000-7ff67cc40000 rw-p 00000000 00:00 0 
7ff67cc40000-7ff67cc44000 ---p 00000000 00:00 0 
7ff67cc44000-7ff67cd41000 rw-p 00000000 00:00 0 
7ff67cd41000-7ff67cd45000 ---p 00000000 00:00 0 
7ff67cd45000-7ff67ce42000 rw-p 00000000 00:00 0 
7ff67ce42000-7ff67ce46000 ---p 00000000 00:00 0 
7ff67ce46000-7ff67cf43000 rw-p 00000000 00:00 0 
7ff67cf43000-7ff67cf47000 ---p 00000000 00:00 0 
7ff67cf47000-7ff67d044000 rw-p 00000000 00:00 0 
7ff67d044000-7ff67d048000 ---p 00000000 00:00 0 
7ff67d048000-7ff67d145000 rw-p 00000000 00:00 0 
7ff67d145000-7ff67d149000 ---p 00000000 00:00 0 
7ff67d149000-7ff67d246000 rw-p 00000000 00:00 0 
7ff67d246000-7ff67d24a000 ---p 00000000 00:00 0 
7ff67d24a000-7ff67d347000 rw-p 00000000 00:00 0 
7ff67d347000-7ff67d34b000 ---p 00000000 00:00 0 
7ff67d34b000-7ff67d448000 rw-p 00000000 00:00 0 
7ff67d448000-7ff67d44c000 ---p 00000000 00:00 0 
7ff67d44c000-7ff67d549000 rw-p 00000000 00:00 0 
7ff67d549000-7ff67d54d000 ---p 00000000 00:00 0 
7ff67d54d000-7ff67d64a000 rw-p 00000000 00:00 0 
7ff67d64a000-7ff67d64e000 ---p 00000000 00:00 0 
7ff67d64e000-7ff67d74b000 rw-p 00000000 00:00 0 
7ff67d74b000-7ff67d74f000 ---p 00000000 00:00 0 
7ff67d74f000-7ff67d84c000 rw-p 00000000 00:00 0 
7ff67d84c000-7ff67d850000 ---p 00000000 00:00 0 
7ff67d850000-7ff67d94d000 rw-p 00000000 00:00 0 
7ff67d94d000-7ff67d951000 ---p 00000000 00:00 0 
7ff67d951000-7ff67da4e000 rw-p 00000000 00:00 0 
7ff67da4e000-7ff67da52000 ---p 00000000 00:00 0 
7ff67da52000-7ff67db4f000 rw-p 00000000 00:00 0 
7ff67db4f000-7ff67db53000 ---p 00000000 00:00 0 
7ff67db53000-7ff67dc50000 rw-p 00000000 00:00 0 
7ff67dc50000-7ff67dc54000 ---p 00000000 00:00 0 
7ff67dc54000-7ff67dd51000 rw-p 00000000 00:00 0 
7ff67dd51000-7ff67dd55000 ---p 00000000 00:00 0 
7ff67dd55000-7ff67de52000 rw-p 00000000 00:00 0 
7ff67de52000-7ff67de56000 ---p 00000000 00:00 0 
7ff67de56000-7ff67e153000 rw-p 00000000 00:00 0 
7ff67e153000-7ff67e353000 rw-p 00000000 00:00 0 
7ff67e353000-7ff67e553000 rw-p 00000000 00:00 0 
7ff67e553000-7ff67e753000 rw-p 00000000 00:00 0 
7ff67e753000-7ff67e953000 rw-p 00000000 00:00 0 
7ff67e953000-7ff67e957000 ---p 00000000 00:00 0 
7ff67e957000-7ff67ec54000 rw-p 00000000 00:00 0 
7ff67ec54000-7ff67ee54000 rw-p 00000000 00:00 0 
7ff67ee54000-7ff67ee6b000 r-xp 00000000 00:25ba 2071945                  /lib/x86_64-linux-gnu/libresolv-2.27.so
7ff67ee6b000-7ff67f06a000 ---p 00017000 00:25ba 2071945                  /lib/x86_64-linux-gnu/libresolv-2.27.so
7ff67f06a000-7ff67f06b000 r--p 00016000 00:25ba 2071945                  /lib/x86_64-linux-gnu/libresolv-2.27.so
7ff67f06b000-7ff67f06c000 rw-p 00017000 00:25ba 2071945                  /lib/x86_64-linux-gnu/libresolv-2.27.so
7ff67f06c000-7ff67f06e000 rw-p 00000000 00:00 0 
7ff67f06e000-7ff67f073000 r-xp 00000000 00:25ba 2071922                  /lib/x86_64-linux-gnu/libnss_dns-2.27.so
7ff67f073000-7ff67f273000 ---p 00005000 00:25ba 2071922                  /lib/x86_64-linux-gnu/libnss_dns-2.27.so
7ff67f273000-7ff67f274000 r--p 00005000 00:25ba 2071922                  /lib/x86_64-linux-gnu/libnss_dns-2.27.so
7ff67f274000-7ff67f275000 rw-p 00006000 00:25ba 2071922                  /lib/x86_64-linux-gnu/libnss_dns-2.27.so
7ff67f275000-7ff67f46b000 rw-p 00000000 00:00 0 
7ff67f46b000-7ff67f475000 ---p 00000000 00:00 0 
7ff67f475000-7ff687bfd000 r--s 00000000 00:25ba 3366177                  /usr/lib/jvm/java-11-openjdk-amd64/lib/modules
7ff687bfd000-7ff687bff000 r-xp 00000000 00:25ba 3366147                  /usr/lib/jvm/java-11-openjdk-amd64/lib/libextnet.so
7ff687bff000-7ff687dfe000 ---p 00002000 00:25ba 3366147                  /usr/lib/jvm/java-11-openjdk-amd64/lib/libextnet.so
7ff687dfe000-7ff687dff000 r--p 00001000 00:25ba 3366147                  /usr/lib/jvm/java-11-openjdk-amd64/lib/libextnet.so
7ff687dff000-7ff687e00000 rw-p 00002000 00:25ba 3366147                  /usr/lib/jvm/java-11-openjdk-amd64/lib/libextnet.so
7ff687e00000-7ff688000000 rw-p 00000000 00:00 0 
7ff688000000-7ff688021000 rw-p 00000000 00:00 0 
7ff688021000-7ff68c000000 ---p 00000000 00:00 0 
7ff68c000000-7ff68c07e000 rw-p 00000000 00:00 0 
7ff68c07e000-7ff690000000 ---p 00000000 00:00 0 
7ff690000000-7ff690165000 rw-p 00000000 00:00 0 
7ff690165000-7ff694000000 ---p 00000000 00:00 0 
7ff694000000-7ff6942a1000 rw-p 00000000 00:00 0 
7ff6942a1000-7ff698000000 ---p 00000000 00:00 0 
7ff698000000-7ff698021000 rw-p 00000000 00:00 0 
7ff698021000-7ff69c000000 ---p 00000000 00:00 0 
7ff69c000000-7ff69c021000 rw-p 00000000 00:00 0 
7ff69c021000-7ff6a0000000 ---p 00000000 00:00 0 
7ff6a0000000-7ff6a0071000 rw-p 00000000 00:00 0 
7ff6a0071000-7ff6a4000000 ---p 00000000 00:00 0 
7ff6a4000000-7ff6a4021000 rw-p 00000000 00:00 0 
7ff6a4021000-7ff6a8000000 ---p 00000000 00:00 0 
7ff6a8000000-7ff6a805a000 rw-p 00000000 00:00 0 
7ff6a805a000-7ff6ac000000 ---p 00000000 00:00 0 
7ff6ac000000-7ff6ac2e8000 rw-p 00000000 00:00 0 
7ff6ac2e8000-7ff6b0000000 ---p 00000000 00:00 0 
7ff6b0000000-7ff6b0167000 rw-p 00000000 00:00 0 
7ff6b0167000-7ff6b4000000 ---p 00000000 00:00 0 
7ff6b4000000-7ff6b4021000 rw-p 00000000 00:00 0 
7ff6b4021000-7ff6b8000000 ---p 00000000 00:00 0 
7ff6b8000000-7ff6b8070000 rw-p 00000000 00:00 0 
7ff6b8070000-7ff6bc000000 ---p 00000000 00:00 0 
7ff6bc000000-7ff6bc021000 rw-p 00000000 00:00 0 
7ff6bc021000-7ff6c0000000 ---p 00000000 00:00 0 
7ff6c0000000-7ff6c0021000 rw-p 00000000 00:00 0 
7ff6c0021000-7ff6c4000000 ---p 00000000 00:00 0 
7ff6c4000000-7ff6c4763000 rw-p 00000000 00:00 0 
7ff6c4763000-7ff6c8000000 ---p 00000000 00:00 0 
7ff6c8000000-7ff6c8021000 rw-p 00000000 00:00 0 
7ff6c8021000-7ff6cc000000 ---p 00000000 00:00 0 
7ff6cc000000-7ff6cc021000 rw-p 00000000 00:00 0 
7ff6cc021000-7ff6d0000000 ---p 00000000 00:00 0 
7ff6d0000000-7ff6d0021000 rw-p 00000000 00:00 0 
7ff6d0021000-7ff6d4000000 ---p 00000000 00:00 0 
7ff6d4000000-7ff6d4021000 rw-p 00000000 00:00 0 
7ff6d4021000-7ff6d8000000 ---p 00000000 00:00 0 
7ff6d8000000-7ff6d8ae5000 rw-p 00000000 00:00 0 
7ff6d8ae5000-7ff6dc000000 ---p 00000000 00:00 0 
7ff6dc000000-7ff6dc021000 rw-p 00000000 00:00 0 
7ff6dc021000-7ff6e0000000 ---p 00000000 00:00 0 
7ff6e0000000-7ff6e0021000 rw-p 00000000 00:00 0 
7ff6e0021000-7ff6e4000000 ---p 00000000 00:00 0 
7ff6e4000000-7ff6e7464000 rw-p 00000000 00:00 0 
7ff6e7464000-7ff6e8000000 ---p 00000000 00:00 0 
7ff6e8000000-7ff6e8021000 rw-p 00000000 00:00 0 
7ff6e8021000-7ff6ec000000 ---p 00000000 00:00 0 
7ff6ec000000-7ff6ec021000 rw-p 00000000 00:00 0 
7ff6ec021000-7ff6f0000000 ---p 00000000 00:00 0 
7ff6f0000000-7ff6f1cbe000 rw-p 00000000 00:00 0 
7ff6f1cbe000-7ff6f4000000 ---p 00000000 00:00 0 
7ff6f4000000-7ff6f4021000 rw-p 00000000 00:00 0 
7ff6f4021000-7ff6f8000000 ---p 00000000 00:00 0 
7ff6f8000000-7ff6f8021000 rw-p 00000000 00:00 0 
7ff6f8021000-7ff6fc000000 ---p 00000000 00:00 0 
7ff6fc0f3000-7ff6fc0f7000 ---p 00000000 00:00 0 
7ff6fc0f7000-7ff6fc1f4000 rw-p 00000000 00:00 0 
7ff6fc1f4000-7ff6fc1f8000 ---p 00000000 00:00 0 
7ff6fc1f8000-7ff6fc4f5000 rw-p 00000000 00:00 0 
7ff6fc4f5000-7ff6fc4f9000 ---p 00000000 00:00 0 
7ff6fc4f9000-7ff6fc7f6000 rw-p 00000000 00:00 0 
7ff6fc7f6000-7ff6fc7fa000 ---p 00000000 00:00 0 
7ff6fc7fa000-7ff6fc8f7000 rw-p 00000000 00:00 0 
7ff6fc8f7000-7ff6fc8fb000 ---p 00000000 00:00 0 
7ff6fc8fb000-7ff6fcbf8000 rw-p 00000000 00:00 0 
7ff6fcbf8000-7ff6fcbfc000 ---p 00000000 00:00 0 
7ff6fcbfc000-7ff6fccf9000 rw-p 00000000 00:00 0 
7ff6fccf9000-7ff6fccfd000 ---p 00000000 00:00 0 
7ff6fccfd000-7ff6fcffa000 rw-p 00000000 00:00 0 
7ff6fcffa000-7ff6fcffe000 ---p 00000000 00:00 0 
7ff6fcffe000-7ff6fd2fb000 rw-p 00000000 00:00 0 
7ff6fd2fb000-7ff6fd2ff000 ---p 00000000 00:00 0 
7ff6fd2ff000-7ff6fd5fc000 rw-p 00000000 00:00 0 
7ff6fd5fc000-7ff6fd600000 ---p 00000000 00:00 0 
7ff6fd600000-7ff6fd6fd000 rw-p 00000000 00:00 0 
7ff6fd6fd000-7ff6fd701000 ---p 00000000 00:00 0 
7ff6fd701000-7ff6fd9fe000 rw-p 00000000 00:00 0 
7ff6fd9fe000-7ff6fda02000 ---p 00000000 00:00 0 
7ff6fda02000-7ff6fdcff000 rw-p 00000000 00:00 0 
7ff6fdcff000-7ff6fdd03000 ---p 00000000 00:00 0 
7ff6fdd03000-7ff6fe000000 rw-p 00000000 00:00 0 
7ff6fe000000-7ff700000000 rw-p 00000000 00:00 0 
7ff700000000-7ff700021000 rw-p 00000000 00:00 0 
7ff700021000-7ff704000000 ---p 00000000 00:00 0 
7ff704034000-7ff704038000 ---p 00000000 00:00 0 
7ff704038000-7ff704135000 rw-p 00000000 00:00 0 
7ff704135000-7ff704145000 r-xp 00000000 00:2610 3034                     /config/language-server/config_linux/org.eclipse.equinox.launcher/org.eclipse.equinox.launcher.gtk.linux.x86_64_1.2.200.v20210406-1409/eclipse_11401.so
7ff704145000-7ff704344000 ---p 00010000 00:2610 3034                     /config/language-server/config_linux/org.eclipse.equinox.launcher/org.eclipse.equinox.launcher.gtk.linux.x86_64_1.2.200.v20210406-1409/eclipse_11401.so
7ff704344000-7ff704345000 r--p 0000f000 00:2610 3034                     /config/language-server/config_linux/org.eclipse.equinox.launcher/org.eclipse.equinox.launcher.gtk.linux.x86_64_1.2.200.v20210406-1409/eclipse_11401.so
7ff704345000-7ff704346000 rw-p 00010000 00:2610 3034                     /config/language-server/config_linux/org.eclipse.equinox.launcher/org.eclipse.equinox.launcher.gtk.linux.x86_64_1.2.200.v20210406-1409/eclipse_11401.so
7ff704346000-7ff70434a000 ---p 00000000 00:00 0 
7ff70434a000-7ff704447000 rw-p 00000000 00:00 0 
7ff704447000-7ff70444b000 ---p 00000000 00:00 0 
7ff70444b000-7ff704548000 rw-p 00000000 00:00 0 
7ff704548000-7ff70454c000 ---p 00000000 00:00 0 
7ff70454c000-7ff704649000 rw-p 00000000 00:00 0 
7ff704649000-7ff704673000 r-xp 00000000 00:25ba 3366173                  /usr/lib/jvm/java-11-openjdk-amd64/lib/libsunec.so
7ff704673000-7ff704872000 ---p 0002a000 00:25ba 3366173                  /usr/lib/jvm/java-11-openjdk-amd64/lib/libsunec.so
7ff704872000-7ff704876000 r--p 00029000 00:25ba 3366173                  /usr/lib/jvm/java-11-openjdk-amd64/lib/libsunec.so
7ff704876000-7ff704878000 rw-p 0002d000 00:25ba 3366173                  /usr/lib/jvm/java-11-openjdk-amd64/lib/libsunec.so
7ff704878000-7ff704ae8000 rwxp 00000000 00:00 0 
7ff704ae8000-7ff704e07000 ---p 00000000 00:00 0 
7ff704e07000-7ff706587000 rwxp 00000000 00:00 0 
7ff706587000-7ff70c33f000 ---p 00000000 00:00 0 
7ff70c33f000-7ff70c7df000 rwxp 00000000 00:00 0 
7ff70c7df000-7ff713878000 ---p 00000000 00:00 0 
7ff713878000-7ff71c000000 r--s 00000000 00:25ba 3366177                  /usr/lib/jvm/java-11-openjdk-amd64/lib/modules
7ff71c000000-7ff71c68e000 rw-p 00000000 00:00 0 
7ff71c68e000-7ff720000000 ---p 00000000 00:00 0 
7ff720060000-7ff720064000 ---p 00000000 00:00 0 
7ff720064000-7ff720161000 rw-p 00000000 00:00 0 
7ff720161000-7ff720165000 ---p 00000000 00:00 0 
7ff720165000-7ff720183000 rw-p 00000000 00:00 0 
7ff720183000-7ff720199000 r-xp 00000000 00:25ba 3366166                  /usr/lib/jvm/java-11-openjdk-amd64/lib/libnet.so
7ff720199000-7ff720398000 ---p 00016000 00:25ba 3366166                  /usr/lib/jvm/java-11-openjdk-amd64/lib/libnet.so
7ff720398000-7ff720399000 r--p 00015000 00:25ba 3366166                  /usr/lib/jvm/java-11-openjdk-amd64/lib/libnet.so
7ff720399000-7ff72039a000 rw-p 00016000 00:25ba 3366166                  /usr/lib/jvm/java-11-openjdk-amd64/lib/libnet.so
7ff72039a000-7ff7203aa000 r-xp 00000000 00:25ba 3366167                  /usr/lib/jvm/java-11-openjdk-amd64/lib/libnio.so
7ff7203aa000-7ff7205a9000 ---p 00010000 00:25ba 3366167                  /usr/lib/jvm/java-11-openjdk-amd64/lib/libnio.so
7ff7205a9000-7ff7205aa000 r--p 0000f000 00:25ba 3366167                  /usr/lib/jvm/java-11-openjdk-amd64/lib/libnio.so
7ff7205aa000-7ff7205ab000 rw-p 00010000 00:25ba 3366167                  /usr/lib/jvm/java-11-openjdk-amd64/lib/libnio.so
7ff7205ab000-7ff7205af000 ---p 00000000 00:00 0 
7ff7205af000-7ff7206ac000 rw-p 00000000 00:00 0 
7ff7206ac000-7ff7206ad000 ---p 00000000 00:00 0 
7ff7206ad000-7ff7207ae000 rw-p 00000000 00:00 0 
7ff7207ae000-7ff7207b2000 ---p 00000000 00:00 0 
7ff7207b2000-7ff7208af000 rw-p 00000000 00:00 0 
7ff7208af000-7ff7208b3000 ---p 00000000 00:00 0 
7ff7208b3000-7ff7209b0000 rw-p 00000000 00:00 0 
7ff7209b0000-7ff7209b4000 ---p 00000000 00:00 0 
7ff7209b4000-7ff720ab1000 rw-p 00000000 00:00 0 
7ff720ab1000-7ff720ab5000 ---p 00000000 00:00 0 
7ff720ab5000-7ff720bb2000 rw-p 00000000 00:00 0 
7ff720bb2000-7ff720bb6000 ---p 00000000 00:00 0 
7ff720bb6000-7ff720cb3000 rw-p 00000000 00:00 0 
7ff720cb3000-7ff720f91000 r--p 00000000 00:25ba 2585567                  /usr/lib/locale/locale-archive
7ff720f91000-7ff720f95000 ---p 00000000 00:00 0 
7ff720f95000-7ff721092000 rw-p 00000000 00:00 0 
7ff721092000-7ff721096000 ---p 00000000 00:00 0 
7ff721096000-7ff721193000 rw-p 00000000 00:00 0 
7ff721193000-7ff721194000 ---p 00000000 00:00 0 
7ff721194000-7ff721b71000 rw-p 00000000 00:00 0 
7ff721b71000-7ff721b72000 ---p 00000000 00:00 0 
7ff721b72000-7ff722134000 rw-p 00000000 00:00 0 
7ff722134000-7ff722135000 ---p 00000000 00:00 0 
7ff722135000-7ff722240000 rw-p 00000000 00:00 0 
7ff722240000-7ff722321000 ---p 00000000 00:00 0 
7ff722321000-7ff722350000 rw-p 00000000 00:00 0 
7ff722350000-7ff72240c000 ---p 00000000 00:00 0 
7ff72240c000-7ff722413000 r-xp 00000000 00:25ba 3366176                  /usr/lib/jvm/java-11-openjdk-amd64/lib/libzip.so
7ff722413000-7ff722612000 ---p 00007000 00:25ba 3366176                  /usr/lib/jvm/java-11-openjdk-amd64/lib/libzip.so
7ff722612000-7ff722613000 r--p 00006000 00:25ba 3366176                  /usr/lib/jvm/java-11-openjdk-amd64/lib/libzip.so
7ff722613000-7ff722614000 rw-p 00007000 00:25ba 3366176                  /usr/lib/jvm/java-11-openjdk-amd64/lib/libzip.so
7ff722614000-7ff72261f000 r-xp 00000000 00:25ba 2071924                  /lib/x86_64-linux-gnu/libnss_files-2.27.so
7ff72261f000-7ff72281e000 ---p 0000b000 00:25ba 2071924                  /lib/x86_64-linux-gnu/libnss_files-2.27.so
7ff72281e000-7ff72281f000 r--p 0000a000 00:25ba 2071924                  /lib/x86_64-linux-gnu/libnss_files-2.27.so
7ff72281f000-7ff722820000 rw-p 0000b000 00:25ba 2071924                  /lib/x86_64-linux-gnu/libnss_files-2.27.so
7ff722820000-7ff722826000 rw-p 00000000 00:00 0 
7ff722826000-7ff72283d000 r-xp 00000000 00:25ba 2071918                  /lib/x86_64-linux-gnu/libnsl-2.27.so
7ff72283d000-7ff722a3c000 ---p 00017000 00:25ba 2071918                  /lib/x86_64-linux-gnu/libnsl-2.27.so
7ff722a3c000-7ff722a3d000 r--p 00016000 00:25ba 2071918                  /lib/x86_64-linux-gnu/libnsl-2.27.so
7ff722a3d000-7ff722a3e000 rw-p 00017000 00:25ba 2071918                  /lib/x86_64-linux-gnu/libnsl-2.27.so
7ff722a3e000-7ff722a40000 rw-p 00000000 00:00 0 
7ff722a40000-7ff722a4b000 r-xp 00000000 00:25ba 2071928                  /lib/x86_64-linux-gnu/libnss_nis-2.27.so
7ff722a4b000-7ff722c4a000 ---p 0000b000 00:25ba 2071928                  /lib/x86_64-linux-gnu/libnss_nis-2.27.so
7ff722c4a000-7ff722c4b000 r--p 0000a000 00:25ba 2071928                  /lib/x86_64-linux-gnu/libnss_nis-2.27.so
7ff722c4b000-7ff722c4c000 rw-p 0000b000 00:25ba 2071928                  /lib/x86_64-linux-gnu/libnss_nis-2.27.so
7ff722c4c000-7ff722c54000 r-xp 00000000 00:25ba 2071920                  /lib/x86_64-linux-gnu/libnss_compat-2.27.so
7ff722c54000-7ff722e54000 ---p 00008000 00:25ba 2071920                  /lib/x86_64-linux-gnu/libnss_compat-2.27.so
7ff722e54000-7ff722e55000 r--p 00008000 00:25ba 2071920                  /lib/x86_64-linux-gnu/libnss_compat-2.27.so
7ff722e55000-7ff722e56000 rw-p 00009000 00:25ba 2071920                  /lib/x86_64-linux-gnu/libnss_compat-2.27.so
7ff722e56000-7ff722e5b000 r-xp 00000000 00:25ba 3366158                  /usr/lib/jvm/java-11-openjdk-amd64/lib/libjimage.so
7ff722e5b000-7ff72305a000 ---p 00005000 00:25ba 3366158                  /usr/lib/jvm/java-11-openjdk-amd64/lib/libjimage.so
7ff72305a000-7ff72305b000 r--p 00004000 00:25ba 3366158                  /usr/lib/jvm/java-11-openjdk-amd64/lib/libjimage.so
7ff72305b000-7ff72305c000 rw-p 00005000 00:25ba 3366158                  /usr/lib/jvm/java-11-openjdk-amd64/lib/libjimage.so
7ff72305c000-7ff723084000 r-xp 00000000 00:25ba 3366154                  /usr/lib/jvm/java-11-openjdk-amd64/lib/libjava.so
7ff723084000-7ff723284000 ---p 00028000 00:25ba 3366154                  /usr/lib/jvm/java-11-openjdk-amd64/lib/libjava.so
7ff723284000-7ff723285000 r--p 00028000 00:25ba 3366154                  /usr/lib/jvm/java-11-openjdk-amd64/lib/libjava.so
7ff723285000-7ff723286000 rw-p 00029000 00:25ba 3366154                  /usr/lib/jvm/java-11-openjdk-amd64/lib/libjava.so
7ff723286000-7ff723287000 rw-p 00000000 00:00 0 
7ff723287000-7ff723294000 r-xp 00000000 00:25ba 3366175                  /usr/lib/jvm/java-11-openjdk-amd64/lib/libverify.so
7ff723294000-7ff723493000 ---p 0000d000 00:25ba 3366175                  /usr/lib/jvm/java-11-openjdk-amd64/lib/libverify.so
7ff723493000-7ff723495000 r--p 0000c000 00:25ba 3366175                  /usr/lib/jvm/java-11-openjdk-amd64/lib/libverify.so
7ff723495000-7ff723496000 rw-p 0000e000 00:25ba 3366175                  /usr/lib/jvm/java-11-openjdk-amd64/lib/libverify.so
7ff723496000-7ff72349d000 r-xp 00000000 00:25ba 2071947                  /lib/x86_64-linux-gnu/librt-2.27.so
7ff72349d000-7ff72369c000 ---p 00007000 00:25ba 2071947                  /lib/x86_64-linux-gnu/librt-2.27.so
7ff72369c000-7ff72369d000 r--p 00006000 00:25ba 2071947                  /lib/x86_64-linux-gnu/librt-2.27.so
7ff72369d000-7ff72369e000 rw-p 00007000 00:25ba 2071947                  /lib/x86_64-linux-gnu/librt-2.27.so
7ff72369e000-7ff7236b5000 r-xp 00000000 00:25ba 2071900                  /lib/x86_64-linux-gnu/libgcc_s.so.1
7ff7236b5000-7ff7238b4000 ---p 00017000 00:25ba 2071900                  /lib/x86_64-linux-gnu/libgcc_s.so.1
7ff7238b4000-7ff7238b5000 r--p 00016000 00:25ba 2071900                  /lib/x86_64-linux-gnu/libgcc_s.so.1
7ff7238b5000-7ff7238b6000 rw-p 00017000 00:25ba 2071900                  /lib/x86_64-linux-gnu/libgcc_s.so.1
7ff7238b6000-7ff723a53000 r-xp 00000000 00:25ba 2071907                  /lib/x86_64-linux-gnu/libm-2.27.so
7ff723a53000-7ff723c52000 ---p 0019d000 00:25ba 2071907                  /lib/x86_64-linux-gnu/libm-2.27.so
7ff723c52000-7ff723c53000 r--p 0019c000 00:25ba 2071907                  /lib/x86_64-linux-gnu/libm-2.27.so
7ff723c53000-7ff723c54000 rw-p 0019d000 00:25ba 2071907                  /lib/x86_64-linux-gnu/libm-2.27.so
7ff723c54000-7ff723dcd000 r-xp 00000000 00:25ba 2072680                  /usr/lib/x86_64-linux-gnu/libstdc++.so.6.0.25
7ff723dcd000-7ff723fcd000 ---p 00179000 00:25ba 2072680                  /usr/lib/x86_64-linux-gnu/libstdc++.so.6.0.25
7ff723fcd000-7ff723fd7000 r--p 00179000 00:25ba 2072680                  /usr/lib/x86_64-linux-gnu/libstdc++.so.6.0.25
7ff723fd7000-7ff723fd9000 rw-p 00183000 00:25ba 2072680                  /usr/lib/x86_64-linux-gnu/libstdc++.so.6.0.25
7ff723fd9000-7ff723fdd000 rw-p 00000000 00:00 0 
7ff723fdd000-7ff7250c5000 r-xp 00000000 00:25ba 3366189                  /usr/lib/jvm/java-11-openjdk-amd64/lib/server/libjvm.so
7ff7250c5000-7ff7252c4000 ---p 010e8000 00:25ba 3366189                  /usr/lib/jvm/java-11-openjdk-amd64/lib/server/libjvm.so
7ff7252c4000-7ff725385000 r--p 010e7000 00:25ba 3366189                  /usr/lib/jvm/java-11-openjdk-amd64/lib/server/libjvm.so
7ff725385000-7ff7253c0000 rw-p 011a8000 00:25ba 3366189                  /usr/lib/jvm/java-11-openjdk-amd64/lib/server/libjvm.so
7ff7253c0000-7ff725417000 rw-p 00000000 00:00 0 
7ff725417000-7ff725431000 r-xp 00000000 00:25ba 2071943                  /lib/x86_64-linux-gnu/libpthread-2.27.so
7ff725431000-7ff725630000 ---p 0001a000 00:25ba 2071943                  /lib/x86_64-linux-gnu/libpthread-2.27.so
7ff725630000-7ff725631000 r--p 00019000 00:25ba 2071943                  /lib/x86_64-linux-gnu/libpthread-2.27.so
7ff725631000-7ff725632000 rw-p 0001a000 00:25ba 2071943                  /lib/x86_64-linux-gnu/libpthread-2.27.so
7ff725632000-7ff725636000 rw-p 00000000 00:00 0 
7ff725636000-7ff725639000 r-xp 00000000 00:25ba 2071892                  /lib/x86_64-linux-gnu/libdl-2.27.so
7ff725639000-7ff725838000 ---p 00003000 00:25ba 2071892                  /lib/x86_64-linux-gnu/libdl-2.27.so
7ff725838000-7ff725839000 r--p 00002000 00:25ba 2071892                  /lib/x86_64-linux-gnu/libdl-2.27.so
7ff725839000-7ff72583a000 rw-p 00003000 00:25ba 2071892                  /lib/x86_64-linux-gnu/libdl-2.27.so
7ff72583a000-7ff725856000 r-xp 00000000 00:25ba 2071970                  /lib/x86_64-linux-gnu/libz.so.1.2.11
7ff725856000-7ff725a55000 ---p 0001c000 00:25ba 2071970                  /lib/x86_64-linux-gnu/libz.so.1.2.11
7ff725a55000-7ff725a56000 r--p 0001b000 00:25ba 2071970                  /lib/x86_64-linux-gnu/libz.so.1.2.11
7ff725a56000-7ff725a57000 rw-p 0001c000 00:25ba 2071970                  /lib/x86_64-linux-gnu/libz.so.1.2.11
7ff725a57000-7ff725c3e000 r-xp 00000000 00:25ba 2071881                  /lib/x86_64-linux-gnu/libc-2.27.so
7ff725c3e000-7ff725e3e000 ---p 001e7000 00:25ba 2071881                  /lib/x86_64-linux-gnu/libc-2.27.so
7ff725e3e000-7ff725e42000 r--p 001e7000 00:25ba 2071881                  /lib/x86_64-linux-gnu/libc-2.27.so
7ff725e42000-7ff725e44000 rw-p 001eb000 00:25ba 2071881                  /lib/x86_64-linux-gnu/libc-2.27.so
7ff725e44000-7ff725e48000 rw-p 00000000 00:00 0 
7ff725e48000-7ff725e57000 r-xp 00000000 00:25ba 3366136                  /usr/lib/jvm/java-11-openjdk-amd64/lib/jli/libjli.so
7ff725e57000-7ff726056000 ---p 0000f000 00:25ba 3366136                  /usr/lib/jvm/java-11-openjdk-amd64/lib/jli/libjli.so
7ff726056000-7ff726057000 r--p 0000e000 00:25ba 3366136                  /usr/lib/jvm/java-11-openjdk-amd64/lib/jli/libjli.so
7ff726057000-7ff726058000 rw-p 0000f000 00:25ba 3366136                  /usr/lib/jvm/java-11-openjdk-amd64/lib/jli/libjli.so
7ff726058000-7ff726081000 r-xp 00000000 00:25ba 2071863                  /lib/x86_64-linux-gnu/ld-2.27.so
7ff72608b000-7ff7260e2000 rw-p 00000000 00:00 0 
7ff7260e2000-7ff72610b000 rw-p 00000000 00:00 0 
7ff72610b000-7ff726162000 rw-p 00000000 00:00 0 
7ff726162000-7ff726163000 rw-p 00000000 00:00 0 
7ff726163000-7ff726167000 ---p 00000000 00:00 0 
7ff726167000-7ff726266000 rw-p 00000000 00:00 0 
7ff726269000-7ff72626e000 rw-p 00000000 00:00 0 
7ff72626e000-7ff726275000 ---p 00000000 00:00 0 
7ff726275000-7ff72627d000 rw-s 00000000 00:517 3029                      /tmp/hsperfdata_runner/19
7ff72627d000-7ff72627e000 ---p 00000000 00:00 0 
7ff72627e000-7ff72627f000 r--p 00000000 00:00 0 
7ff72627f000-7ff726281000 rw-p 00000000 00:00 0 
7ff726281000-7ff726282000 r--p 00029000 00:25ba 2071863                  /lib/x86_64-linux-gnu/ld-2.27.so
7ff726282000-7ff726283000 rw-p 0002a000 00:25ba 2071863                  /lib/x86_64-linux-gnu/ld-2.27.so
7ff726283000-7ff726284000 rw-p 00000000 00:00 0 
7ffe4a98e000-7ffe4a9b0000 rw-p 00000000 00:00 0                          [stack]
7ffe4a9be000-7ffe4a9c2000 r--p 00000000 00:00 0                          [vvar]
7ffe4a9c2000-7ffe4a9c4000 r-xp 00000000 00:00 0                          [vdso]
ffffffffff600000-ffffffffff601000 r-xp 00000000 00:00 0                  [vsyscall]


VM Arguments:
jvm_args: -Declipse.application=org.eclipse.jdt.ls.core.id1 -Dosgi.bundles.defaultStartLevel=4 -Declipse.product=org.eclipse.jdt.ls.core.product -Dcom.microsoft.java.debug.serverAddress=localhost:41010 -Xverify:none -Xmx256m -XX:+UseConcMarkSweepGC 
java_command: /config/language-server/plugins/org.eclipse.equinox.launcher_1.6.100.v20201223-0822.jar -configuration /config/language-server/config_linux -data /home/runner
java_class_path (initial): /config/language-server/plugins/org.eclipse.equinox.launcher_1.6.100.v20201223-0822.jar
Launcher Type: SUN_STANDARD

[Global flags]
     bool BytecodeVerificationLocal                = false                                     {product} {command line}
     bool BytecodeVerificationRemote               = false                                     {product} {command line}
     intx CICompilerCount                          = 2                                         {product} {ergonomic}
   size_t InitialHeapSize                          = 16777216                                  {product} {ergonomic}
   size_t MaxHeapSize                              = 268435456                                 {product} {command line}
   size_t MaxNewSize                               = 87228416                                  {product} {ergonomic}
    uintx MaxTenuringThreshold                     = 6                                         {product} {ergonomic}
   size_t MinHeapDeltaBytes                        = 196608                                    {product} {ergonomic}
   size_t NewSize                                  = 5570560                                   {product} {ergonomic}
    uintx NonNMethodCodeHeapSize                   = 5825164                                {pd product} {ergonomic}
    uintx NonProfiledCodeHeapSize                  = 122916538                              {pd product} {ergonomic}
   size_t OldSize                                  = 11206656                                  {product} {ergonomic}
    uintx ProfiledCodeHeapSize                     = 122916538                              {pd product} {ergonomic}
    uintx ReservedCodeCacheSize                    = 251658240                              {pd product} {ergonomic}
     bool SegmentedCodeCache                       = true                                      {product} {ergonomic}
     bool UseCompressedClassPointers               = true                                 {lp64_product} {ergonomic}
     bool UseCompressedOops                        = true                                 {lp64_product} {ergonomic}
     bool UseConcMarkSweepGC                       = true                                      {product} {command line}

Logging:
Log output configuration:
 #0: stdout all=warning uptime,level,tags
 #1: stderr all=off uptime,level,tags

Environment Variables:
PATH=/nix/store/smhp47gwknrl65x7jzc88cik3fp2pxai-pid1-0.0.0-7d36167/bin:/nix/store/1d14fcwp2z64wmmr5jpfa1m5zay0n9fq-silver-searcher-2.2.0/bin:/nix/store/pcr60c6n4hcxqbaqvqv2ly6ihcnvn8f5-bash/bin:/nix/store/0vkw1m51q34dr64z5i87dy99an4hfmyg-coreutils-8.32/bin:/nix/store/ng35kcfzm03fdmp97nc2dxi63jv41sca-vscode-cpptools-dap-1.3.1/bin:/nix/store/n578yqf36hxxs6nhcwq35gkqhv2b00cl-replit-python-dap-wrapper-1.0.0/bin:/nix/store/a1f3nfyfgdj4dsfi27g98kdmvj2j84j2-node-dap/bin:/nix/store/yzr5fybypw977fxnqj3gsp3gznh1lbm2-fluxbox/bin:/nix/store/vfnpx0k26ilwv3p2x8rdf0an5llpdmjw-prybar-nodejs-0.0.0-02c7adf/bin:/nix/store/7bf2l1b07vj9m9p1fn4g64h5sba2i9ls-pulseaudio-14.2/bin:/nix/store/8cpkwghsa1crf84x7155pnsx5xjqyzsz-rfbproxy-0.0.0-b81eb2f/bin:/nix/store/fy1vhp96i11ng6mwbr0l5apj68c64lgr-tigervnc-1.11.0/bin:/nix/store/mjbrcsjhn4smd1jdl4nkywpvzdyfcd14-upm-0.0.0-98447b2/bin:/nix/store/3hny06xvqvc4irdnknk732a2km9b93rq-xwininfo-1.1.4/bin:/nix/store/10c49axvzlavn6h3kwg6z1l5ha6f9cg0-replbox/bin:/home/runner/.nix-profile/bin:/usr/local/go/bin:/opt/virtualenvs/python3/bin:/usr/GNUstep/System/Tools:/usr/GNUstep/Local/Tools:/home/runner/.apt/usr/bin:/usr/local/sbin:/usr/local/bin:/usr/sbin:/usr/bin:/sbin:/bin
LD_LIBRARY_PATH=/home/runner/.apt/usr/lib/x86_64-linux-gnu:/home/runner/.apt/usr/lib/i386-linux-gnu:/usr/local/lib:/home/runner/.apt/usr/lib
DISPLAY=:0
LANG=en_US.UTF-8
LC_ALL=en_US.UTF-8

Signal Handlers:
SIGSEGV: [libjvm.so+0xe1d0a0], sa_mask[0]=11111111011111111101111111111110, sa_flags=SA_RESTART|SA_SIGINFO
SIGBUS: [libjvm.so+0xe1d0a0], sa_mask[0]=11111111011111111101111111111110, sa_flags=SA_RESTART|SA_SIGINFO
SIGFPE: [libjvm.so+0xe1d0a0], sa_mask[0]=11111111011111111101111111111110, sa_flags=SA_RESTART|SA_SIGINFO
SIGPIPE: [libjvm.so+0xb717f0], sa_mask[0]=11111111011111111101111111111110, sa_flags=SA_RESTART|SA_SIGINFO
SIGXFSZ: [libjvm.so+0xb717f0], sa_mask[0]=11111111011111111101111111111110, sa_flags=SA_RESTART|SA_SIGINFO
SIGILL: [libjvm.so+0xe1d0a0], sa_mask[0]=11111111011111111101111111111110, sa_flags=SA_RESTART|SA_SIGINFO
SIGUSR2: [libjvm.so+0xb71680], sa_mask[0]=00000000000000000000000000000000, sa_flags=SA_RESTART|SA_SIGINFO
SIGHUP: [libjvm.so+0xb71b30], sa_mask[0]=11111111011111111101111111111110, sa_flags=SA_RESTART|SA_SIGINFO
SIGINT: [libjvm.so+0xb71b30], sa_mask[0]=11111111011111111101111111111110, sa_flags=SA_RESTART|SA_SIGINFO
SIGTERM: [libjvm.so+0xb71b30], sa_mask[0]=11111111011111111101111111111110, sa_flags=SA_RESTART|SA_SIGINFO
SIGQUIT: [libjvm.so+0xb71b30], sa_mask[0]=11111111011111111101111111111110, sa_flags=SA_RESTART|SA_SIGINFO


---------------  S Y S T E M  ---------------

OS:DISTRIB_ID=Ubuntu
DISTRIB_RELEASE=18.04
DISTRIB_CODENAME=bionic
DISTRIB_DESCRIPTION="Ubuntu 18.04.5 LTS"
uname:Linux 5.11.0-1024-gcp #26~20.04.1-Ubuntu SMP Wed Dec 8 10:29:18 UTC 2021 x86_64
OS uptime: 0 days 16:05 hours
libc:glibc 2.27 NPTL 2.27 
rlimit (soft/hard): STACK 8192k/infinity , CORE infinity/infinity , NPROC infinity/infinity , NOFILE 5242/5242 , AS infinity/infinity , CPU infinity/infinity , DATA infinity/infinity , FSIZE infinity/infinity , MEMLOCK 64k/64k
load average:15.55 14.20 12.48

/proc/meminfo:
MemTotal:       53474468 kB
MemFree:        18190200 kB
MemAvailable:   39171080 kB
Buffers:         1612956 kB
Cached:         14839428 kB
SwapCached:            0 kB
Active:         10099868 kB
Inactive:       17294456 kB
Active(anon):      15920 kB
Inactive(anon): 10199584 kB
Active(file):   10083948 kB
Inactive(file):  7094872 kB
Unevictable:       47132 kB
Mlocked:           47132 kB
SwapTotal:             0 kB
SwapFree:              0 kB
Dirty:             19208 kB
Writeback:             0 kB
AnonPages:      10756760 kB
Mapped:          1608780 kB
Shmem:             25648 kB
KReclaimable:    4431268 kB
Slab:            6773108 kB
SReclaimable:    4431268 kB
SUnreclaim:      2341840 kB
KernelStack:      551968 kB
PageTables:       179312 kB
NFS_Unstable:          0 kB
Bounce:                0 kB
WritebackTmp:          0 kB
CommitLimit:    26737232 kB
Committed_AS:   82330804 kB
VmallocTotal:   34359738367 kB
VmallocUsed:      589904 kB
VmallocChunk:          0 kB
Percpu:            99456 kB
HardwareCorrupted:     0 kB
AnonHugePages:    600064 kB
ShmemHugePages:        0 kB
ShmemPmdMapped:        0 kB
FileHugePages:         0 kB
FilePmdMapped:         0 kB
HugePages_Total:       0
HugePages_Free:        0
HugePages_Rsvd:        0
HugePages_Surp:        0
Hugepagesize:       2048 kB
Hugetlb:               0 kB
DirectMap4k:     5620544 kB
DirectMap2M:    36319232 kB
DirectMap1G:    14680064 kB

/sys/kernel/mm/transparent_hugepage/enabled:
always [madvise] never
/sys/kernel/mm/transparent_hugepage/defrag (defrag/compaction efforts parameter):
always defer defer+madvise [madvise] never

Process Memory:
Virtual Size: 6266860K (peak: 11451892K)
Resident Set Size: 548988K (peak: 553204K) (anon: 462164K, file: 86824K, shmem: 0K)
Swapped out: 0K
C-Heap outstanding allocations: 40347K

/proc/sys/kernel/threads-max (system-wide limit on the number of threads):
417710
/proc/sys/vm/max_map_count (maximum number of memory map areas a process may have):
65530
/proc/sys/kernel/pid_max (system-wide limit on number of process identifiers):
4194304

container (cgroup) information:
container_type: cgroupv1
cpu_cpuset_cpus: 2-7
cpu_memory_nodes: 0
active_processor_count: 1
cpu_quota: 50000
cpu_period: 100000
cpu_shares: 512
memory_limit_in_bytes: 1073741824
memory_and_swap_limit_in_bytes: 1073741824
memory_soft_limit_in_bytes: 536870912
memory_usage_in_bytes: 662159360
memory_max_usage_in_bytes: 676483072

KVM virtualization detected
Steal ticks since vm start: 0
Steal ticks percentage since vm start:  0.000

CPU:total 8 (initial active 1) (4 cores per cpu, 2 threads per core) family 6 model 63 stepping 0 microcode 0x1, cmov, cx8, fxsr, mmx, sse, sse2, sse3, ssse3, sse4.1, sse4.2, popcnt, avx, avx2, aes, clmul, erms, lzcnt, ht, tsc, tscinvbit, bmi1, bmi2, fma
CPU Model and flags from /proc/cpuinfo:
model name	: Intel(R) Xeon(R) CPU @ 2.30GHz
flags		: fpu vme de pse tsc msr pae mce cx8 apic sep mtrr pge mca cmov pat pse36 clflush mmx fxsr sse sse2 ss ht syscall nx pdpe1gb rdtscp lm constant_tsc rep_good nopl xtopology nonstop_tsc cpuid tsc_known_freq pni pclmulqdq ssse3 fma cx16 pcid sse4_1 sse4_2 x2apic movbe popcnt aes xsave avx f16c rdrand hypervisor lahf_lm abm invpcid_single pti ssbd ibrs ibpb stibp fsgsbase tsc_adjust bmi1 avx2 smep bmi2 erms invpcid xsaveopt arat md_clear arch_capabilities
Online cpus:
0-7
Offline cpus:

BIOS frequency limitation:
<Not Available>
Frequency switch latency (ns):
<Not Available>
Available cpu frequencies:
<Not Available>
Current governor:
<Not Available>
Core performance/turbo boost:
<Not Available>

Memory: 4k page, physical 1048576k(401928k free), swap 0k(0k free)

vm_info: OpenJDK 64-Bit Server VM (11.0.11+9-Ubuntu-0ubuntu2.18.04) for linux-amd64 JRE (11.0.11+9-Ubuntu-0ubuntu2.18.04), built on Apr 21 2021 09:15:32 by "unknown" with gcc 8.4.0

END.
